[ 2016-04-25T10:16:23+08:00 ] 127.0.0.1 /workflow/request/form
INFO: [ app_init ] --START--
INFO: Run Behavior\BuildLiteBehavior [ RunTime:0.000000s ]
INFO: [ app_init ] --END-- [ RunTime:0.000000s ]
INFO: [ app_begin ] --START--
INFO: Run Behavior\ReadHtmlCacheBehavior [ RunTime:0.001000s ]
INFO: [ app_begin ] --END-- [ RunTime:0.002001s ]

[ 2016-04-25T10:22:18+08:00 ] 127.0.0.1 /workflow/request/intiateList
INFO: [ app_init ] --START--
INFO: Run Behavior\BuildLiteBehavior [ RunTime:0.000000s ]
INFO: [ app_init ] --END-- [ RunTime:0.000000s ]
INFO: [ app_begin ] --START--
INFO: Run Behavior\ReadHtmlCacheBehavior [ RunTime:0.001000s ]
INFO: [ app_begin ] --END-- [ RunTime:0.001000s ]
NOTIC: [8] Undefined index: page D:\WEB\192.168.1.126\zbcode\Application\Workflow\Controller\RequestController.class.php 第 14 行.
NOTIC: [8] Undefined index: limit D:\WEB\192.168.1.126\zbcode\Application\Workflow\Controller\RequestController.class.php 第 15 行.
SQL: SHOW COLUMNS FROM `workflow_requestbase` [ RunTime:0.0150s ]
SQL: SELECT b.*,a.*,b.status as bstatus FROM workflow_requestbase a left JOIN workflow_requestbase_processlog b on a.requestid = b.requestid and a.nodeid = b.afternode  WHERE a.status = 2 AND b.response = 0 AND b.type IN ('1','2','3','5') AND ( b.afteruser = '1' or b.afteruser like '1,%' ) GROUP BY a.requestid ORDER BY a.modifytime asc  LIMIT 0,20   [ RunTime:0.0610s ]
SQL: SELECT COUNT(*) AS tp_count FROM (SELECT a.* FROM workflow_requestbase a left JOIN workflow_requestbase_processlog b on a.requestid = b.requestid and a.nodeid = b.afternode  WHERE a.status = 2 AND b.response = 0 AND b.type IN ('1','2','3','5') AND ( b.afteruser = '1' or b.afteruser like '1,%' ) GROUP BY a.requestid ORDER BY a.modifytime asc   ) as temp LIMIT 1   [ RunTime:0.0370s ]

[ 2016-04-25T10:22:24+08:00 ] 127.0.0.1 /workflow/request/intiateList
INFO: [ app_init ] --START--
INFO: Run Behavior\BuildLiteBehavior [ RunTime:0.000000s ]
INFO: [ app_init ] --END-- [ RunTime:0.006001s ]
INFO: [ app_begin ] --START--
INFO: Run Behavior\ReadHtmlCacheBehavior [ RunTime:0.001000s ]
INFO: [ app_begin ] --END-- [ RunTime:0.001000s ]
NOTIC: [8] Undefined variable: data D:\WEB\192.168.1.126\zbcode\Application\Workflow\Controller\RequestController.class.php 第 15 行.

[ 2016-04-25T10:24:29+08:00 ] 127.0.0.1 /workflow/request/intiateList
INFO: [ app_init ] --START--
INFO: Run Behavior\BuildLiteBehavior [ RunTime:0.000000s ]
INFO: [ app_init ] --END-- [ RunTime:0.000000s ]
INFO: [ app_begin ] --START--
INFO: Run Behavior\ReadHtmlCacheBehavior [ RunTime:0.002000s ]
INFO: [ app_begin ] --END-- [ RunTime:0.002000s ]
SQL: SHOW COLUMNS FROM `workflow` [ RunTime:0.0410s ]
SQL: SELECT * FROM workflow a INNER JOIN workflow_node b on a.workflowid = b.workflowid   [ RunTime:0.0140s ]

[ 2016-04-25T10:25:16+08:00 ] 127.0.0.1 /workflow/request/intiateList
INFO: [ app_init ] --START--
INFO: Run Behavior\BuildLiteBehavior [ RunTime:0.000000s ]
INFO: [ app_init ] --END-- [ RunTime:0.001000s ]
INFO: [ app_begin ] --START--
INFO: Run Behavior\ReadHtmlCacheBehavior [ RunTime:0.001000s ]
INFO: [ app_begin ] --END-- [ RunTime:0.002000s ]
SQL: SHOW COLUMNS FROM `workflow` [ RunTime:0.0070s ]
SQL: SELECT * FROM workflow a INNER JOIN workflow_node b on a.workflowid = b.workflowid  GROUP BY a.workflowid  [ RunTime:0.0120s ]

[ 2016-04-25T10:25:37+08:00 ] 127.0.0.1 /workflow/request/intiateList
INFO: [ app_init ] --START--
INFO: Run Behavior\BuildLiteBehavior [ RunTime:0.000000s ]
INFO: [ app_init ] --END-- [ RunTime:0.001000s ]
INFO: [ app_begin ] --START--
INFO: Run Behavior\ReadHtmlCacheBehavior [ RunTime:0.001000s ]
INFO: [ app_begin ] --END-- [ RunTime:0.001000s ]
SQL: SHOW COLUMNS FROM `workflow` [ RunTime:0.0060s ]
SQL: SELECT * FROM workflow a INNER JOIN workflow_node b on a.workflowid = b.workflowid and b.nodetype = 1  GROUP BY a.workflowid  [ RunTime:0.0070s ]

[ 2016-04-25T10:25:38+08:00 ] 127.0.0.1 /workflow/request/intiateList
INFO: [ app_init ] --START--
INFO: Run Behavior\BuildLiteBehavior [ RunTime:0.000000s ]
INFO: [ app_init ] --END-- [ RunTime:0.001000s ]
INFO: [ app_begin ] --START--
INFO: Run Behavior\ReadHtmlCacheBehavior [ RunTime:0.002000s ]
INFO: [ app_begin ] --END-- [ RunTime:0.003000s ]
SQL: SHOW COLUMNS FROM `workflow` [ RunTime:0.0070s ]
SQL: SELECT * FROM workflow a INNER JOIN workflow_node b on a.workflowid = b.workflowid and b.nodetype = 1  GROUP BY a.workflowid  [ RunTime:0.0070s ]

[ 2016-04-25T10:25:43+08:00 ] 127.0.0.1 /workflow/request/intiateList
INFO: [ app_init ] --START--
INFO: Run Behavior\BuildLiteBehavior [ RunTime:0.000000s ]
INFO: [ app_init ] --END-- [ RunTime:0.001000s ]
INFO: [ app_begin ] --START--
INFO: Run Behavior\ReadHtmlCacheBehavior [ RunTime:0.001000s ]
INFO: [ app_begin ] --END-- [ RunTime:0.001000s ]
SQL: SHOW COLUMNS FROM `workflow` [ RunTime:0.0070s ]
SQL: SELECT * FROM workflow a INNER JOIN workflow_node b on a.workflowid = b.workflowid   GROUP BY a.workflowid  [ RunTime:0.0070s ]

[ 2016-04-25T10:25:44+08:00 ] 127.0.0.1 /workflow/request/intiateList
INFO: [ app_init ] --START--
INFO: Run Behavior\BuildLiteBehavior [ RunTime:0.000000s ]
INFO: [ app_init ] --END-- [ RunTime:0.001000s ]
INFO: [ app_begin ] --START--
INFO: Run Behavior\ReadHtmlCacheBehavior [ RunTime:0.002000s ]
INFO: [ app_begin ] --END-- [ RunTime:0.002000s ]
SQL: SHOW COLUMNS FROM `workflow` [ RunTime:0.0070s ]
SQL: SELECT * FROM workflow a INNER JOIN workflow_node b on a.workflowid = b.workflowid   GROUP BY a.workflowid  [ RunTime:0.0070s ]

[ 2016-04-25T10:25:45+08:00 ] 127.0.0.1 /workflow/request/intiateList
INFO: [ app_init ] --START--
INFO: Run Behavior\BuildLiteBehavior [ RunTime:0.000000s ]
INFO: [ app_init ] --END-- [ RunTime:0.001000s ]
INFO: [ app_begin ] --START--
INFO: Run Behavior\ReadHtmlCacheBehavior [ RunTime:0.001000s ]
INFO: [ app_begin ] --END-- [ RunTime:0.001000s ]
SQL: SHOW COLUMNS FROM `workflow` [ RunTime:0.0070s ]
SQL: SELECT * FROM workflow a INNER JOIN workflow_node b on a.workflowid = b.workflowid   GROUP BY a.workflowid  [ RunTime:0.0060s ]

[ 2016-04-25T10:25:50+08:00 ] 127.0.0.1 /workflow/request/intiateList
INFO: [ app_init ] --START--
INFO: Run Behavior\BuildLiteBehavior [ RunTime:0.000000s ]
INFO: [ app_init ] --END-- [ RunTime:0.001000s ]
INFO: [ app_begin ] --START--
INFO: Run Behavior\ReadHtmlCacheBehavior [ RunTime:0.001000s ]
INFO: [ app_begin ] --END-- [ RunTime:0.001000s ]
SQL: SHOW COLUMNS FROM `workflow` [ RunTime:0.0070s ]
SQL: SELECT * FROM workflow a INNER JOIN workflow_node b on a.workflowid = b.workflowid 	   [ RunTime:0.0020s ]

[ 2016-04-25T10:25:55+08:00 ] 127.0.0.1 /workflow/request/intiateList
INFO: [ app_init ] --START--
INFO: Run Behavior\BuildLiteBehavior [ RunTime:0.000000s ]
INFO: [ app_init ] --END-- [ RunTime:0.001000s ]
INFO: [ app_begin ] --START--
INFO: Run Behavior\ReadHtmlCacheBehavior [ RunTime:0.002000s ]
INFO: [ app_begin ] --END-- [ RunTime:0.002000s ]
SQL: SHOW COLUMNS FROM `workflow` [ RunTime:0.0070s ]
SQL: SELECT * FROM workflow a INNER JOIN workflow_node b on a.workflowid = b.workflowid and b.nodetype = 1	   [ RunTime:0.0020s ]

[ 2016-04-25T10:26:00+08:00 ] 127.0.0.1 /workflow/request/intiateList
INFO: [ app_init ] --START--
INFO: Run Behavior\BuildLiteBehavior [ RunTime:0.000000s ]
INFO: [ app_init ] --END-- [ RunTime:0.001000s ]
INFO: [ app_begin ] --START--
INFO: Run Behavior\ReadHtmlCacheBehavior [ RunTime:0.001000s ]
INFO: [ app_begin ] --END-- [ RunTime:0.001000s ]
SQL: SHOW COLUMNS FROM `workflow` [ RunTime:0.0070s ]
SQL: SELECT * FROM workflow a INNER JOIN workflow_node b on a.workflowid = b.workflowid and b.nodetype = 1	  GROUP BY a.workflowid  [ RunTime:0.0070s ]

[ 2016-04-25T10:29:18+08:00 ] 127.0.0.1 /workflow/request/intiateList
INFO: [ app_init ] --START--
INFO: Run Behavior\BuildLiteBehavior [ RunTime:0.000000s ]
INFO: [ app_init ] --END-- [ RunTime:0.000000s ]
INFO: [ app_begin ] --START--
INFO: Run Behavior\ReadHtmlCacheBehavior [ RunTime:0.001000s ]
INFO: [ app_begin ] --END-- [ RunTime:0.001000s ]
SQL: SHOW COLUMNS FROM `workflow` [ RunTime:0.0070s ]
SQL: SELECT a.workflowid,a.categoryid,a.formtableid,a.workflowname,b.nodeid,b.nodename,b.nodetype FROM workflow a INNER JOIN workflow_node b on a.workflowid = b.workflowid and b.nodetype = 1  GROUP BY a.workflowid  [ RunTime:0.0020s ]

[ 2016-04-25T10:52:54+08:00 ] 127.0.0.1 /workflow/request/form
INFO: [ app_init ] --START--
INFO: Run Behavior\BuildLiteBehavior [ RunTime:0.000000s ]
INFO: [ app_init ] --END-- [ RunTime:0.001000s ]
INFO: [ app_begin ] --START--
INFO: Run Behavior\ReadHtmlCacheBehavior [ RunTime:0.001000s ]
INFO: [ app_begin ] --END-- [ RunTime:0.001000s ]
SQL: SHOW COLUMNS FROM `workflow_requestbase` [ RunTime:0.0060s ]
SQL: SELECT `workflowid`,`formtableid`,`nodeid`,`status`,`createuser` FROM `workflow_requestbase` WHERE `requestid` = -1 LIMIT 1   [ RunTime:0.0180s ]
SQL: SHOW COLUMNS FROM `workflow` [ RunTime:0.0060s ]
SQL: SELECT `formtableid` FROM `workflow` WHERE `workflowid` = 1 LIMIT 1   [ RunTime:0.0010s ]
SQL: SHOW COLUMNS FROM `workflow_node` [ RunTime:0.0070s ]
SQL: SELECT `nodeid` FROM `workflow_node` WHERE `workflowid` = 1 AND `nodetype` = 1 LIMIT 1   [ RunTime:0.0020s ]
SQL: SELECT b.*,a.*,b.status as bstatus,c.nodetype FROM workflow_requestbase a inner JOIN workflow_node c on a.nodeid = c.nodeid left JOIN workflow_requestbase_processlog b on a.requestid = b.requestid and a.nodeid = b.afternode  WHERE a.requestid = -1 AND b.response = 0 AND b.afternode = '1' AND b.type IN ('1','2','3','5') AND ( b.afteruser = '1' or b.afteruser like '1,%' ) LIMIT 1   [ RunTime:0.0200s ]
SQL: SELECT b.*,a.*,b.status as bstatus,c.nodetype FROM workflow_requestbase a inner JOIN workflow_node c on a.nodeid = c.nodeid left JOIN workflow_requestbase_processlog b on a.requestid = b.requestid and a.nodeid = b.afternode  WHERE a.requestid = -1 AND b.response is null LIMIT 1   [ RunTime:0.0020s ]
SQL: SELECT b.*,a.*,b.status as bstatus,c.nodetype FROM workflow_requestbase a inner JOIN workflow_node c on a.nodeid = c.nodeid left JOIN workflow_requestbase_processlog b on a.requestid = b.requestid   WHERE a.requestid = -1 AND b.response = 0 AND b.type IN ('4') AND ( b.afteruser = '1' or b.afteruser like '1,%' ) LIMIT 1   [ RunTime:0.0020s ]
SQL: SELECT b.*,a.*,b.status as bstatus,c.nodetype FROM workflow_requestbase a inner JOIN workflow_node c on a.nodeid = c.nodeid left JOIN workflow_requestbase_processlog b on a.requestid = b.requestid and a.nodeid = b.afternode  WHERE a.requestid = -1 AND b.response is null LIMIT 1   [ RunTime:0.0020s ]
ERR: 1054:Unknown column 'b.createtime' in 'order clause'
 [ SQL语句 ] : SELECT b.afternode FROM workflow_requestbase a inner JOIN workflow_requestbase_processlog b on a.requestid = b.requestid  WHERE a.requestid = -1 AND ( FIND_IN_SET('1', b.afteruser) ) ORDER BY b.createtime desc LIMIT 1  
ERR: 1054:Unknown column 'b.createtime' in 'order clause'
 [ SQL语句 ] : SELECT b.afternode FROM workflow_requestbase a inner JOIN workflow_requestbase_processlog b on a.requestid = b.requestid  WHERE a.requestid = -1 AND ( FIND_IN_SET('1', b.afteruser) ) ORDER BY b.createtime desc LIMIT 1  

[ 2016-04-25T10:53:31+08:00 ] 127.0.0.1 /workflow/request/form
INFO: [ app_init ] --START--
INFO: Run Behavior\BuildLiteBehavior [ RunTime:0.000000s ]
INFO: [ app_init ] --END-- [ RunTime:0.001001s ]
INFO: [ app_begin ] --START--
INFO: Run Behavior\ReadHtmlCacheBehavior [ RunTime:0.001000s ]
INFO: [ app_begin ] --END-- [ RunTime:0.001000s ]
SQL: SHOW COLUMNS FROM `workflow_requestbase` [ RunTime:0.0070s ]
SQL: SELECT `workflowid`,`formtableid`,`nodeid`,`status`,`createuser` FROM `workflow_requestbase` WHERE `requestid` = -1 LIMIT 1   [ RunTime:0.0010s ]
SQL: SHOW COLUMNS FROM `workflow` [ RunTime:0.0060s ]
SQL: SELECT `formtableid` FROM `workflow` WHERE `workflowid` = 1 LIMIT 1   [ RunTime:0.0010s ]
SQL: SHOW COLUMNS FROM `workflow_node` [ RunTime:0.0070s ]
SQL: SELECT `nodeid` FROM `workflow_node` WHERE `workflowid` = 1 AND `nodetype` = 1 LIMIT 1   [ RunTime:0.0010s ]
SQL: SELECT b.*,a.*,b.status as bstatus,c.nodetype FROM workflow_requestbase a inner JOIN workflow_node c on a.nodeid = c.nodeid left JOIN workflow_requestbase_processlog b on a.requestid = b.requestid and a.nodeid = b.afternode  WHERE a.requestid = -1 AND b.response = 0 AND b.afternode = '1' AND b.type IN ('1','2','3','5') AND ( b.afteruser = '1' or b.afteruser like '1,%' ) LIMIT 1   [ RunTime:0.0030s ]
SQL: SELECT b.*,a.*,b.status as bstatus,c.nodetype FROM workflow_requestbase a inner JOIN workflow_node c on a.nodeid = c.nodeid left JOIN workflow_requestbase_processlog b on a.requestid = b.requestid and a.nodeid = b.afternode  WHERE a.requestid = -1 AND b.response is null LIMIT 1   [ RunTime:0.0020s ]
SQL: SELECT b.*,a.*,b.status as bstatus,c.nodetype FROM workflow_requestbase a inner JOIN workflow_node c on a.nodeid = c.nodeid left JOIN workflow_requestbase_processlog b on a.requestid = b.requestid   WHERE a.requestid = -1 AND b.response = 0 AND b.type IN ('4') AND ( b.afteruser = '1' or b.afteruser like '1,%' ) LIMIT 1   [ RunTime:0.0030s ]
SQL: SELECT b.*,a.*,b.status as bstatus,c.nodetype FROM workflow_requestbase a inner JOIN workflow_node c on a.nodeid = c.nodeid left JOIN workflow_requestbase_processlog b on a.requestid = b.requestid and a.nodeid = b.afternode  WHERE a.requestid = -1 AND b.response is null LIMIT 1   [ RunTime:0.0020s ]
ERR: 1054:Unknown column 'b.createtime' in 'order clause'
 [ SQL语句 ] : SELECT b.afternode FROM workflow_requestbase a inner JOIN workflow_requestbase_processlog b on a.requestid = b.requestid  WHERE a.requestid = -1 AND ( FIND_IN_SET('1', b.afteruser) ) ORDER BY b.createtime desc LIMIT 1  
ERR: 1054:Unknown column 'b.createtime' in 'order clause'
 [ SQL语句 ] : SELECT b.afternode FROM workflow_requestbase a inner JOIN workflow_requestbase_processlog b on a.requestid = b.requestid  WHERE a.requestid = -1 AND ( FIND_IN_SET('1', b.afteruser) ) ORDER BY b.createtime desc LIMIT 1  

[ 2016-04-25T10:54:12+08:00 ] 127.0.0.1 /workflow/request/form
INFO: [ app_init ] --START--
INFO: Run Behavior\BuildLiteBehavior [ RunTime:0.000000s ]
INFO: [ app_init ] --END-- [ RunTime:0.001000s ]
INFO: [ app_begin ] --START--
INFO: Run Behavior\ReadHtmlCacheBehavior [ RunTime:0.001000s ]
INFO: [ app_begin ] --END-- [ RunTime:0.001000s ]
SQL: SHOW COLUMNS FROM `workflow_requestbase` [ RunTime:0.0070s ]
SQL: SELECT `workflowid`,`formtableid`,`nodeid`,`status`,`createuser` FROM `workflow_requestbase` WHERE `requestid` = -1 LIMIT 1   [ RunTime:0.0010s ]
SQL: SHOW COLUMNS FROM `workflow` [ RunTime:0.0060s ]
SQL: SELECT `formtableid` FROM `workflow` WHERE `workflowid` = 1 LIMIT 1   [ RunTime:0.0010s ]
SQL: SHOW COLUMNS FROM `workflow_node` [ RunTime:0.0060s ]
SQL: SELECT `nodeid` FROM `workflow_node` WHERE `workflowid` = 1 AND `nodetype` = 1 LIMIT 1   [ RunTime:0.0010s ]
SQL: SELECT b.*,a.*,b.status as bstatus,c.nodetype FROM workflow_requestbase a inner JOIN workflow_node c on a.nodeid = c.nodeid left JOIN workflow_requestbase_processlog b on a.requestid = b.requestid and a.nodeid = b.afternode  WHERE a.requestid = -1 AND b.response = 0 AND b.afternode = '1' AND b.type IN ('1','2','3','5') AND ( b.afteruser = '1' or b.afteruser like '1,%' ) LIMIT 1   [ RunTime:0.0030s ]
SQL: SELECT b.*,a.*,b.status as bstatus,c.nodetype FROM workflow_requestbase a inner JOIN workflow_node c on a.nodeid = c.nodeid left JOIN workflow_requestbase_processlog b on a.requestid = b.requestid and a.nodeid = b.afternode  WHERE a.requestid = -1 AND b.response is null LIMIT 1   [ RunTime:0.0020s ]
SQL: SELECT b.*,a.*,b.status as bstatus,c.nodetype FROM workflow_requestbase a inner JOIN workflow_node c on a.nodeid = c.nodeid left JOIN workflow_requestbase_processlog b on a.requestid = b.requestid   WHERE a.requestid = -1 AND b.response = 0 AND b.type IN ('4') AND ( b.afteruser = '1' or b.afteruser like '1,%' ) LIMIT 1   [ RunTime:0.0030s ]
SQL: SELECT b.*,a.*,b.status as bstatus,c.nodetype FROM workflow_requestbase a inner JOIN workflow_node c on a.nodeid = c.nodeid left JOIN workflow_requestbase_processlog b on a.requestid = b.requestid and a.nodeid = b.afternode  WHERE a.requestid = -1 AND b.response is null LIMIT 1   [ RunTime:0.0020s ]
ERR: 1054:Unknown column 'b.createtime' in 'order clause'
 [ SQL语句 ] : SELECT b.afternode FROM workflow_requestbase a inner JOIN workflow_requestbase_processlog b on a.requestid = b.requestid  WHERE a.requestid = -1 AND ( FIND_IN_SET('1', b.afteruser) ) ORDER BY b.createtime desc LIMIT 1  
ERR: 1054:Unknown column 'b.createtime' in 'order clause'
 [ SQL语句 ] : SELECT b.afternode FROM workflow_requestbase a inner JOIN workflow_requestbase_processlog b on a.requestid = b.requestid  WHERE a.requestid = -1 AND ( FIND_IN_SET('1', b.afteruser) ) ORDER BY b.createtime desc LIMIT 1  

[ 2016-04-25T10:54:23+08:00 ] 127.0.0.1 /workflow/request/form
INFO: [ app_init ] --START--
INFO: Run Behavior\BuildLiteBehavior [ RunTime:0.000000s ]
INFO: [ app_init ] --END-- [ RunTime:0.000000s ]
INFO: [ app_begin ] --START--
INFO: Run Behavior\ReadHtmlCacheBehavior [ RunTime:0.001000s ]
INFO: [ app_begin ] --END-- [ RunTime:0.001000s ]
SQL: SHOW COLUMNS FROM `workflow_requestbase` [ RunTime:0.0070s ]
SQL: SELECT `workflowid`,`formtableid`,`nodeid`,`status`,`createuser` FROM `workflow_requestbase` WHERE `requestid` = -1 LIMIT 1   [ RunTime:0.0010s ]
SQL: SHOW COLUMNS FROM `workflow` [ RunTime:0.0070s ]
SQL: SELECT `formtableid` FROM `workflow` WHERE `workflowid` = 1 LIMIT 1   [ RunTime:0.0010s ]
SQL: SHOW COLUMNS FROM `workflow_node` [ RunTime:0.0060s ]
SQL: SELECT `nodeid` FROM `workflow_node` WHERE `workflowid` = 1 AND `nodetype` = 1 LIMIT 1   [ RunTime:0.0010s ]
SQL: SELECT b.*,a.*,b.status as bstatus,c.nodetype FROM workflow_requestbase a inner JOIN workflow_node c on a.nodeid = c.nodeid left JOIN workflow_requestbase_processlog b on a.requestid = b.requestid and a.nodeid = b.afternode  WHERE a.requestid = -1 AND b.response = 0 AND b.afternode = '1' AND b.type IN ('1','2','3','5') AND ( b.afteruser = '1' or b.afteruser like '1,%' ) LIMIT 1   [ RunTime:0.0030s ]
SQL: SELECT b.*,a.*,b.status as bstatus,c.nodetype FROM workflow_requestbase a inner JOIN workflow_node c on a.nodeid = c.nodeid left JOIN workflow_requestbase_processlog b on a.requestid = b.requestid and a.nodeid = b.afternode  WHERE a.requestid = -1 AND b.response is null LIMIT 1   [ RunTime:0.0020s ]
SQL: SELECT b.*,a.*,b.status as bstatus,c.nodetype FROM workflow_requestbase a inner JOIN workflow_node c on a.nodeid = c.nodeid left JOIN workflow_requestbase_processlog b on a.requestid = b.requestid   WHERE a.requestid = -1 AND b.response = 0 AND b.type IN ('4') AND ( b.afteruser = '1' or b.afteruser like '1,%' ) LIMIT 1   [ RunTime:0.0020s ]
SQL: SELECT b.*,a.*,b.status as bstatus,c.nodetype FROM workflow_requestbase a inner JOIN workflow_node c on a.nodeid = c.nodeid left JOIN workflow_requestbase_processlog b on a.requestid = b.requestid and a.nodeid = b.afternode  WHERE a.requestid = -1 AND b.response is null LIMIT 1   [ RunTime:0.0020s ]
SQL: SELECT b.afternode FROM workflow_requestbase a inner JOIN workflow_requestbase_processlog b on a.requestid = b.requestid  WHERE a.requestid = -1 AND ( FIND_IN_SET('1', b.afteruser) ) LIMIT 1   [ RunTime:0.0010s ]
SQL: SHOW COLUMNS FROM `workflow_node_fields` [ RunTime:0.0450s ]
SQL: SELECT a.fieldid,a.order,a.nodeid,b.formtableid,b.fieldname,b.fieldtitle,b.fieldtypechild,b.fieldtype,a.type,a.default,a.prompt,b.length FROM workflow_node_fields a inner JOIN formtable_fields b on a.fieldid = b.fieldid  WHERE `nodeid` = '1' AND `formtableid` = '1' ORDER BY  a.order asc,a.id asc  [ RunTime:0.0500s ]
SQL: SHOW COLUMNS FROM `formtable_fields_values` [ RunTime:0.0260s ]
SQL: SELECT `key`,`value`,`isdefault` FROM `formtable_fields_values` WHERE `fieldid` = 10  [ RunTime:0.0020s ]
SQL: SELECT `key`,`value`,`isdefault` FROM `formtable_fields_values` WHERE `fieldid` = 11  [ RunTime:0.0020s ]
SQL: SHOW COLUMNS FROM `formtable` [ RunTime:0.0230s ]
SQL: SELECT `formtableid` FROM `formtable` WHERE `parentid` = 1 AND `validflag` = 1  [ RunTime:0.0010s ]
SQL: SELECT a.fieldid,a.order,a.nodeid,b.formtableid,b.fieldname,b.fieldtitle,b.fieldtypechild,b.fieldtype,a.type,a.default,a.prompt,b.length FROM workflow_node_fields a inner JOIN formtable_fields b on a.fieldid = b.fieldid  WHERE `nodeid` = '1' AND `formtableid` = '2' ORDER BY  a.order asc,a.id asc  [ RunTime:0.0030s ]
SQL: SELECT `key`,`value`,`isdefault` FROM `formtable_fields_values` WHERE `fieldid` = 16  [ RunTime:0.0020s ]
SQL: SELECT `formtableid`,`nodeid` FROM `workflow_requestbase` WHERE `requestid` = -1 LIMIT 1   [ RunTime:0.0010s ]
SQL: SELECT group_concat(concat('b.`',b.fieldname,'` as ','field',b.fieldid)) as sqlfields FROM workflow_node_fields a INNER JOIN formtable_fields b on a.fieldid = b.fieldid  WHERE `nodeid` = '1' AND `formtableid` = null LIMIT 1   [ RunTime:0.0080s ]
SQL: SELECT a.*,b.id FROM workflow_requestbase a INNER JOIN workflow_formtable b on a.requestid = b.requestid  WHERE a.requestid = -1 LIMIT 1   [ RunTime:0.0110s ]
SQL: SELECT `formtableid` FROM `formtable` WHERE `parentid` = null AND `validflag` = 1  [ RunTime:0.0010s ]
SQL: SHOW COLUMNS FROM `workflow_requestbase_processlog` [ RunTime:0.0060s ]
ERR: 1054:Unknown column 'a.createuser' in 'on clause'
 [ SQL语句 ] : SELECT a.*,e.nodename as beforenodename,f.nodename as afternodename,b.realname as brforeusername,d.realname as modifyusername,group_concat(c.id) as afteruserids,group_concat(c.realname) as afterusernames FROM workflow_requestbase_processlog a left JOIN zibang.zb_user b on b.id = a.createuser left JOIN zibang.zb_user c on find_in_set(c.id,a.afteruser) left JOIN zibang.zb_user d on  d.id = a.modifyuser left JOIN workflow_node e on  e.nodeid = a.beforenode left JOIN workflow_node f on  f.nodeid = a.afternode  WHERE `requestid` = -1 GROUP BY a.id 
ERR: 1054:Unknown column 'a.createuser' in 'on clause'
 [ SQL语句 ] : SELECT a.*,e.nodename as beforenodename,f.nodename as afternodename,b.realname as brforeusername,d.realname as modifyusername,group_concat(c.id) as afteruserids,group_concat(c.realname) as afterusernames FROM workflow_requestbase_processlog a left JOIN zibang.zb_user b on b.id = a.createuser left JOIN zibang.zb_user c on find_in_set(c.id,a.afteruser) left JOIN zibang.zb_user d on  d.id = a.modifyuser left JOIN workflow_node e on  e.nodeid = a.beforenode left JOIN workflow_node f on  f.nodeid = a.afternode  WHERE `requestid` = -1 GROUP BY a.id 

[ 2016-04-25T10:54:32+08:00 ] 127.0.0.1 /workflow/request/form
INFO: [ app_init ] --START--
INFO: Run Behavior\BuildLiteBehavior [ RunTime:0.000000s ]
INFO: [ app_init ] --END-- [ RunTime:0.000000s ]
INFO: [ app_begin ] --START--
INFO: Run Behavior\ReadHtmlCacheBehavior [ RunTime:0.001000s ]
INFO: [ app_begin ] --END-- [ RunTime:0.001000s ]
SQL: SHOW COLUMNS FROM `workflow_requestbase` [ RunTime:0.0070s ]
SQL: SELECT `workflowid`,`formtableid`,`nodeid`,`status`,`createuser` FROM `workflow_requestbase` WHERE `requestid` = -1 LIMIT 1   [ RunTime:0.0010s ]
SQL: SHOW COLUMNS FROM `workflow` [ RunTime:0.0060s ]
SQL: SELECT `formtableid` FROM `workflow` WHERE `workflowid` = 1 LIMIT 1   [ RunTime:0.0010s ]
SQL: SHOW COLUMNS FROM `workflow_node` [ RunTime:0.0060s ]
SQL: SELECT `nodeid` FROM `workflow_node` WHERE `workflowid` = 1 AND `nodetype` = 1 LIMIT 1   [ RunTime:0.0010s ]
SQL: SELECT b.*,a.*,b.status as bstatus,c.nodetype FROM workflow_requestbase a inner JOIN workflow_node c on a.nodeid = c.nodeid left JOIN workflow_requestbase_processlog b on a.requestid = b.requestid and a.nodeid = b.afternode  WHERE a.requestid = -1 AND b.response = 0 AND b.afternode = '1' AND b.type IN ('1','2','3','5') AND ( b.afteruser = '1' or b.afteruser like '1,%' ) LIMIT 1   [ RunTime:0.0030s ]
SQL: SELECT b.*,a.*,b.status as bstatus,c.nodetype FROM workflow_requestbase a inner JOIN workflow_node c on a.nodeid = c.nodeid left JOIN workflow_requestbase_processlog b on a.requestid = b.requestid and a.nodeid = b.afternode  WHERE a.requestid = -1 AND b.response is null LIMIT 1   [ RunTime:0.0020s ]
SQL: SELECT b.*,a.*,b.status as bstatus,c.nodetype FROM workflow_requestbase a inner JOIN workflow_node c on a.nodeid = c.nodeid left JOIN workflow_requestbase_processlog b on a.requestid = b.requestid   WHERE a.requestid = -1 AND b.response = 0 AND b.type IN ('4') AND ( b.afteruser = '1' or b.afteruser like '1,%' ) LIMIT 1   [ RunTime:0.0020s ]
SQL: SELECT b.*,a.*,b.status as bstatus,c.nodetype FROM workflow_requestbase a inner JOIN workflow_node c on a.nodeid = c.nodeid left JOIN workflow_requestbase_processlog b on a.requestid = b.requestid and a.nodeid = b.afternode  WHERE a.requestid = -1 AND b.response is null LIMIT 1   [ RunTime:0.0020s ]
ERR: 1054:Unknown column 'b.createtime' in 'order clause'
 [ SQL语句 ] : SELECT b.afternode FROM workflow_requestbase a inner JOIN workflow_requestbase_processlog b on a.requestid = b.requestid  WHERE a.requestid = -1 AND ( FIND_IN_SET('1', b.afteruser) ) ORDER BY b.createtime desc LIMIT 1  
ERR: 1054:Unknown column 'b.createtime' in 'order clause'
 [ SQL语句 ] : SELECT b.afternode FROM workflow_requestbase a inner JOIN workflow_requestbase_processlog b on a.requestid = b.requestid  WHERE a.requestid = -1 AND ( FIND_IN_SET('1', b.afteruser) ) ORDER BY b.createtime desc LIMIT 1  

[ 2016-04-25T10:54:51+08:00 ] 127.0.0.1 /workflow/request/form
INFO: [ app_init ] --START--
INFO: Run Behavior\BuildLiteBehavior [ RunTime:0.000000s ]
INFO: [ app_init ] --END-- [ RunTime:0.001000s ]
INFO: [ app_begin ] --START--
INFO: Run Behavior\ReadHtmlCacheBehavior [ RunTime:0.001000s ]
INFO: [ app_begin ] --END-- [ RunTime:0.001000s ]
SQL: SHOW COLUMNS FROM `workflow_requestbase` [ RunTime:0.0140s ]
SQL: SELECT `workflowid`,`formtableid`,`nodeid`,`status`,`createuser` FROM `workflow_requestbase` WHERE `requestid` = -1 LIMIT 1   [ RunTime:0.0010s ]
SQL: SHOW COLUMNS FROM `workflow` [ RunTime:0.0140s ]
SQL: SELECT `formtableid` FROM `workflow` WHERE `workflowid` = 1 LIMIT 1   [ RunTime:0.0010s ]
SQL: SHOW COLUMNS FROM `workflow_node` [ RunTime:0.0140s ]
SQL: SELECT `nodeid` FROM `workflow_node` WHERE `workflowid` = 1 AND `nodetype` = 1 LIMIT 1   [ RunTime:0.0020s ]
SQL: SELECT b.*,a.*,b.status as bstatus,c.nodetype FROM workflow_requestbase a inner JOIN workflow_node c on a.nodeid = c.nodeid left JOIN workflow_requestbase_processlog b on a.requestid = b.requestid and a.nodeid = b.afternode  WHERE a.requestid = -1 AND b.response = 0 AND b.afternode = '1' AND b.type IN ('1','2','3','5') AND ( b.afteruser = '1' or b.afteruser like '1,%' ) LIMIT 1   [ RunTime:0.0020s ]
SQL: SELECT b.*,a.*,b.status as bstatus,c.nodetype FROM workflow_requestbase a inner JOIN workflow_node c on a.nodeid = c.nodeid left JOIN workflow_requestbase_processlog b on a.requestid = b.requestid and a.nodeid = b.afternode  WHERE a.requestid = -1 AND b.response is null LIMIT 1   [ RunTime:0.0020s ]
SQL: SELECT b.*,a.*,b.status as bstatus,c.nodetype FROM workflow_requestbase a inner JOIN workflow_node c on a.nodeid = c.nodeid left JOIN workflow_requestbase_processlog b on a.requestid = b.requestid   WHERE a.requestid = -1 AND b.response = 0 AND b.type IN ('4') AND ( b.afteruser = '1' or b.afteruser like '1,%' ) LIMIT 1   [ RunTime:0.0020s ]
SQL: SELECT b.*,a.*,b.status as bstatus,c.nodetype FROM workflow_requestbase a inner JOIN workflow_node c on a.nodeid = c.nodeid left JOIN workflow_requestbase_processlog b on a.requestid = b.requestid and a.nodeid = b.afternode  WHERE a.requestid = -1 AND b.response is null LIMIT 1   [ RunTime:0.0030s ]
SQL: SELECT b.afternode FROM workflow_requestbase a inner JOIN workflow_requestbase_processlog b on a.requestid = b.requestid  WHERE a.requestid = -1 AND ( FIND_IN_SET('1', b.afteruser) ) ORDER BY b.createtime desc LIMIT 1   [ RunTime:0.0010s ]
SQL: SHOW COLUMNS FROM `workflow_node_fields` [ RunTime:0.0140s ]
SQL: SELECT a.fieldid,a.order,a.nodeid,b.formtableid,b.fieldname,b.fieldtitle,b.fieldtypechild,b.fieldtype,a.type,a.default,a.prompt,b.length FROM workflow_node_fields a inner JOIN formtable_fields b on a.fieldid = b.fieldid  WHERE `nodeid` = '1' AND `formtableid` = '1' ORDER BY  a.order asc,a.id asc  [ RunTime:0.0030s ]
SQL: SHOW COLUMNS FROM `formtable_fields_values` [ RunTime:0.0120s ]
SQL: SELECT `key`,`value`,`isdefault` FROM `formtable_fields_values` WHERE `fieldid` = 10  [ RunTime:0.0010s ]
SQL: SELECT `key`,`value`,`isdefault` FROM `formtable_fields_values` WHERE `fieldid` = 11  [ RunTime:0.0010s ]
SQL: SHOW COLUMNS FROM `formtable` [ RunTime:0.0060s ]
SQL: SELECT `formtableid` FROM `formtable` WHERE `parentid` = 1 AND `validflag` = 1  [ RunTime:0.0010s ]
SQL: SELECT a.fieldid,a.order,a.nodeid,b.formtableid,b.fieldname,b.fieldtitle,b.fieldtypechild,b.fieldtype,a.type,a.default,a.prompt,b.length FROM workflow_node_fields a inner JOIN formtable_fields b on a.fieldid = b.fieldid  WHERE `nodeid` = '1' AND `formtableid` = '2' ORDER BY  a.order asc,a.id asc  [ RunTime:0.0020s ]
SQL: SELECT `key`,`value`,`isdefault` FROM `formtable_fields_values` WHERE `fieldid` = 16  [ RunTime:0.0010s ]
SQL: SELECT a.fieldid,a.order,a.nodeid,b.formtableid,b.fieldname,b.fieldtitle,b.fieldtypechild,b.fieldtype,a.type,a.default,a.prompt,b.length FROM workflow_node_fields a inner JOIN formtable_fields b on a.fieldid = b.fieldid  WHERE `nodeid` = '1' AND `formtableid` = '3' ORDER BY  a.order asc,a.id asc  [ RunTime:0.0010s ]
SQL: SELECT `key`,`value`,`isdefault` FROM `formtable_fields_values` WHERE `fieldid` = 20  [ RunTime:0.0020s ]
SQL: SELECT `formtableid`,`nodeid` FROM `workflow_requestbase` WHERE `requestid` = -1 LIMIT 1   [ RunTime:0.0010s ]
SQL: SELECT group_concat(concat('b.`',b.fieldname,'` as ','field',b.fieldid)) as sqlfields FROM workflow_node_fields a INNER JOIN formtable_fields b on a.fieldid = b.fieldid  WHERE `nodeid` = '1' AND `formtableid` = null LIMIT 1   [ RunTime:0.0010s ]
SQL: SELECT a.*,b.id FROM workflow_requestbase a INNER JOIN workflow_formtable b on a.requestid = b.requestid  WHERE a.requestid = -1 LIMIT 1   [ RunTime:0.0010s ]
SQL: SELECT `formtableid` FROM `formtable` WHERE `parentid` = null AND `validflag` = 1  [ RunTime:0.0010s ]
SQL: SHOW COLUMNS FROM `workflow_requestbase_processlog` [ RunTime:0.0070s ]
SQL: SELECT a.*,e.nodename as beforenodename,f.nodename as afternodename,b.realname as brforeusername,d.realname as modifyusername,group_concat(c.id) as afteruserids,group_concat(c.realname) as afterusernames FROM workflow_requestbase_processlog a left JOIN zibang.zb_user b on b.id = a.createuser left JOIN zibang.zb_user c on find_in_set(c.id,a.afteruser) left JOIN zibang.zb_user d on  d.id = a.modifyuser left JOIN workflow_node e on  e.nodeid = a.beforenode left JOIN workflow_node f on  f.nodeid = a.afternode  WHERE `requestid` = -1 GROUP BY a.id  [ RunTime:0.0030s ]
SQL: SELECT `beforesql` FROM `workflow_node` LIMIT 1   [ RunTime:0.0010s ]
SQL: SELECT `nodetype` FROM `workflow_node` WHERE `nodeid` = 1 LIMIT 1   [ RunTime:0.0010s ]
NOTIC: [8] Undefined index: requestid D:\WEB\192.168.1.126\zbcode\Application\Workflow\Model\WorkflowRequestbaseModel.class.php 第 750 行.
INFO: [ view_parse ] --START--
INFO: [ template_filter ] --START--
INFO: Run Behavior\ContentReplaceBehavior [ RunTime:0.001000s ]
INFO: [ template_filter ] --END-- [ RunTime:0.001000s ]
INFO: Run Behavior\ParseTemplateBehavior [ RunTime:0.028001s ]
INFO: [ view_parse ] --END-- [ RunTime:0.028001s ]
INFO: [ view_filter ] --START--
INFO: Run Behavior\WriteHtmlCacheBehavior [ RunTime:0.000000s ]
INFO: [ view_filter ] --END-- [ RunTime:0.001000s ]
INFO: [ app_end ] --START--
INFO: Run Behavior\ShowPageTraceBehavior [ RunTime:0.001000s ]
INFO: [ app_end ] --END-- [ RunTime:0.001000s ]

[ 2016-04-25T10:57:17+08:00 ] 127.0.0.1 /workflow/request/intiateList
INFO: [ app_init ] --START--
INFO: Run Behavior\BuildLiteBehavior [ RunTime:0.000000s ]
INFO: [ app_init ] --END-- [ RunTime:0.001000s ]
INFO: [ app_begin ] --START--
INFO: Run Behavior\ReadHtmlCacheBehavior [ RunTime:0.001000s ]
INFO: [ app_begin ] --END-- [ RunTime:0.001000s ]
SQL: SHOW COLUMNS FROM `workflow` [ RunTime:0.0140s ]
SQL: SELECT a.workflowid,a.categoryid,a.formtableid,a.workflowname,b.nodeid,b.nodename,b.nodetype FROM workflow a INNER JOIN workflow_node b on a.workflowid = b.workflowid and b.nodetype = 1  GROUP BY a.workflowid  [ RunTime:0.0020s ]

[ 2016-04-25T10:57:18+08:00 ] 127.0.0.1 /workflow/request/intiateList
INFO: [ app_init ] --START--
INFO: Run Behavior\BuildLiteBehavior [ RunTime:0.000000s ]
INFO: [ app_init ] --END-- [ RunTime:0.001000s ]
INFO: [ app_begin ] --START--
INFO: Run Behavior\ReadHtmlCacheBehavior [ RunTime:0.001000s ]
INFO: [ app_begin ] --END-- [ RunTime:0.002000s ]
SQL: SHOW COLUMNS FROM `workflow` [ RunTime:0.0100s ]
SQL: SELECT a.workflowid,a.categoryid,a.formtableid,a.workflowname,b.nodeid,b.nodename,b.nodetype FROM workflow a INNER JOIN workflow_node b on a.workflowid = b.workflowid and b.nodetype = 1  GROUP BY a.workflowid  [ RunTime:0.0020s ]

