[ 2016-04-19T08:43:18+08:00 ] 127.0.0.1 /workflow/request/form/requestid/138
INFO: [ app_init ] --START--
INFO: Run Behavior\BuildLiteBehavior [ RunTime:0.000000s ]
INFO: [ app_init ] --END-- [ RunTime:0.000000s ]
INFO: [ app_begin ] --START--
INFO: Run Behavior\ReadHtmlCacheBehavior [ RunTime:0.001000s ]
INFO: [ app_begin ] --END-- [ RunTime:0.001000s ]
SQL: SHOW COLUMNS FROM `workflow_requestbase` [ RunTime:0.0190s ]
SQL: SELECT `workflowid`,`formtableid`,`nodeid`,`status`,`createuser` FROM `workflow_requestbase` WHERE `requestid` = 138 LIMIT 1   [ RunTime:0.0020s ]
SQL: SELECT b.*,a.*,b.status as bstatus,c.nodetype FROM workflow_requestbase a inner JOIN workflow_node c on a.nodeid = c.nodeid left JOIN workflow_requestbase_processlog b on a.requestid = b.requestid and a.nodeid = b.afternode  WHERE a.requestid = '138' AND b.response = 0 AND b.afternode = '1' AND b.type IN ('1','2','3','5') AND ( b.afteruser = '1' or b.afteruser like '1,%' ) LIMIT 1   [ RunTime:0.0050s ]
SQL: SELECT b.*,a.*,b.status as bstatus,c.nodetype FROM workflow_requestbase a inner JOIN workflow_node c on a.nodeid = c.nodeid left JOIN workflow_requestbase_processlog b on a.requestid = b.requestid and a.nodeid = b.afternode  WHERE a.requestid = '138' AND b.response is null LIMIT 1   [ RunTime:0.0040s ]
SQL: SELECT b.afternode FROM workflow_requestbase a inner JOIN workflow_requestbase_processlog b on a.requestid = b.requestid  WHERE a.requestid = '138' AND ( FIND_IN_SET('1', b.afteruser) ) ORDER BY b.createtime desc LIMIT 1   [ RunTime:0.0020s ]
SQL: SHOW COLUMNS FROM `workflow_node_fields` [ RunTime:0.0110s ]
SQL: SELECT a.fieldid,a.order,a.nodeid,b.formtableid,b.fieldname,b.fieldtitle,b.fieldtypechild,b.fieldtype,a.type,a.default,a.prompt,b.length FROM workflow_node_fields a inner JOIN formtable_fields b on a.fieldid = b.fieldid  WHERE `nodeid` = '1' AND `formtableid` = '1' ORDER BY  a.order asc,a.id asc  [ RunTime:0.0160s ]
SQL: SHOW COLUMNS FROM `formtable_fields_values` [ RunTime:0.0100s ]
SQL: SELECT `key`,`value`,`isdefault` FROM `formtable_fields_values` WHERE `fieldid` = 10  [ RunTime:0.0030s ]
SQL: SELECT `key`,`value`,`isdefault` FROM `formtable_fields_values` WHERE `fieldid` = 11  [ RunTime:0.0020s ]
SQL: SHOW COLUMNS FROM `formtable` [ RunTime:0.0110s ]
SQL: SELECT `formtableid` FROM `formtable` WHERE `parentid` = 1 AND `validflag` = 1  [ RunTime:0.0020s ]
SQL: SELECT a.fieldid,a.order,a.nodeid,b.formtableid,b.fieldname,b.fieldtitle,b.fieldtypechild,b.fieldtype,a.type,a.default,a.prompt,b.length FROM workflow_node_fields a inner JOIN formtable_fields b on a.fieldid = b.fieldid  WHERE `nodeid` = '1' AND `formtableid` = '2' ORDER BY  a.order asc,a.id asc  [ RunTime:0.0030s ]
SQL: SELECT `key`,`value`,`isdefault` FROM `formtable_fields_values` WHERE `fieldid` = 16  [ RunTime:0.0030s ]
SQL: SELECT a.fieldid,a.order,a.nodeid,b.formtableid,b.fieldname,b.fieldtitle,b.fieldtypechild,b.fieldtype,a.type,a.default,a.prompt,b.length FROM workflow_node_fields a inner JOIN formtable_fields b on a.fieldid = b.fieldid  WHERE `nodeid` = '1' AND `formtableid` = '3' ORDER BY  a.order asc,a.id asc  [ RunTime:0.0040s ]
SQL: SELECT `key`,`value`,`isdefault` FROM `formtable_fields_values` WHERE `fieldid` = 20  [ RunTime:0.0020s ]
SQL: SELECT `formtableid`,`nodeid` FROM `workflow_requestbase` WHERE `requestid` = 138 LIMIT 1   [ RunTime:0.0020s ]
SQL: SELECT group_concat(concat('b.`',b.fieldname,'` as ','field',b.fieldid)) as sqlfields FROM workflow_node_fields a INNER JOIN formtable_fields b on a.fieldid = b.fieldid  WHERE `nodeid` = '1' AND `formtableid` = '1' LIMIT 1   [ RunTime:0.0030s ]
SQL: SELECT a.*,b.id,b.`xingming` as field1,b.`riqi` as field2,b.`shixiang` as field3,b.`beizhu` as field4,b.`shuliang` as field5,b.`jine` as field6,b.`shijian` as field7,b.`fujian` as field8,b.`yuangong` as field9,b.`xuanxiang` as field10,b.`select` as field11,b.`bumen` as field12 FROM workflow_requestbase a INNER JOIN workflow_formtable1 b on a.requestid = b.requestid  WHERE a.requestid = '138' LIMIT 1   [ RunTime:0.0040s ]
SQL: SELECT `formtableid` FROM `formtable` WHERE `parentid` = 1 AND `validflag` = 1  [ RunTime:0.0030s ]
SQL: SELECT group_concat(concat('`',b.fieldname,'` as ','field',b.fieldid)) as sqlfields FROM workflow_node_fields a INNER JOIN formtable_fields b on a.fieldid = b.fieldid  WHERE `nodeid` = '1' AND `formtableid` = '2' LIMIT 1   [ RunTime:0.0030s ]
SQL: SHOW COLUMNS FROM `workflow_formtable1dt2` [ RunTime:0.0120s ]
SQL: SELECT `id`,`mainid`,`price` as field13,`num` as field14,`xiaoji` as field15,`select` as field16 FROM `workflow_formtable1dt2` WHERE `requestid` = 138  [ RunTime:0.0030s ]
SQL: SELECT group_concat(concat('`',b.fieldname,'` as ','field',b.fieldid)) as sqlfields FROM workflow_node_fields a INNER JOIN formtable_fields b on a.fieldid = b.fieldid  WHERE `nodeid` = '1' AND `formtableid` = '3' LIMIT 1   [ RunTime:0.0030s ]
SQL: SHOW COLUMNS FROM `workflow_formtable1dt3` [ RunTime:0.0110s ]
SQL: SELECT `id`,`mainid`,`price` as field17,`num` as field18,`xiaoji` as field19,`select` as field20 FROM `workflow_formtable1dt3` WHERE `requestid` = 138  [ RunTime:0.0020s ]
SQL: SHOW COLUMNS FROM `workflow_requestbase_processlog` [ RunTime:0.0120s ]
SQL: SELECT a.*,e.nodename as beforenodename,f.nodename as afternodename,b.realname as brforeusername,d.realname as modifyusername,group_concat(c.id) as afteruserids,group_concat(c.realname) as afterusernames FROM workflow_requestbase_processlog a left JOIN zibang.zb_user b on b.id = a.createuser left JOIN zibang.zb_user c on find_in_set(c.id,a.afteruser) left JOIN zibang.zb_user d on  d.id = a.modifyuser left JOIN workflow_node e on  e.nodeid = a.beforenode left JOIN workflow_node f on  f.nodeid = a.afternode  WHERE `requestid` = '138' GROUP BY a.id  [ RunTime:0.0060s ]
SQL: SHOW COLUMNS FROM `workflow_node` [ RunTime:0.0110s ]
SQL: SELECT `beforesql` FROM `workflow_node` LIMIT 1   [ RunTime:0.0020s ]
SQL: SELECT `nodetype` FROM `workflow_node` WHERE `nodeid` = 1 LIMIT 1   [ RunTime:0.0030s ]
INFO: [ view_parse ] --START--
INFO: [ template_filter ] --START--
INFO: Run Behavior\ContentReplaceBehavior [ RunTime:0.000000s ]
INFO: [ template_filter ] --END-- [ RunTime:0.001000s ]
INFO: Run Behavior\ParseTemplateBehavior [ RunTime:0.050003s ]
INFO: [ view_parse ] --END-- [ RunTime:0.051003s ]
INFO: [ view_filter ] --START--
INFO: Run Behavior\WriteHtmlCacheBehavior [ RunTime:0.001000s ]
INFO: [ view_filter ] --END-- [ RunTime:0.001000s ]
INFO: [ app_end ] --START--
INFO: Run Behavior\ShowPageTraceBehavior [ RunTime:0.001000s ]
INFO: [ app_end ] --END-- [ RunTime:0.001000s ]

