[ 2016-04-19T08:43:19+08:00 ] 127.0.0.1 /index/index.html
INFO: [ app_init ] --START--
INFO: Run Behavior\BuildLiteBehavior [ RunTime:0.000000s ]
INFO: [ app_init ] --END-- [ RunTime:0.001000s ]
INFO: [ app_begin ] --START--
INFO: Run Behavior\ReadHtmlCacheBehavior [ RunTime:0.001000s ]
INFO: [ app_begin ] --END-- [ RunTime:0.002000s ]
INFO: [ view_parse ] --START--
INFO: [ template_filter ] --START--
INFO: Run Behavior\ContentReplaceBehavior [ RunTime:0.000000s ]
INFO: [ template_filter ] --END-- [ RunTime:0.001000s ]
INFO: Run Behavior\ParseTemplateBehavior [ RunTime:0.180010s ]
INFO: [ view_parse ] --END-- [ RunTime:0.180010s ]
INFO: [ view_filter ] --START--
INFO: Run Behavior\WriteHtmlCacheBehavior [ RunTime:0.001000s ]
INFO: [ view_filter ] --END-- [ RunTime:0.001000s ]
INFO: [ app_end ] --START--
INFO: Run Behavior\ShowPageTraceBehavior [ RunTime:0.001000s ]
INFO: [ app_end ] --END-- [ RunTime:0.001000s ]

[ 2016-04-19T08:43:26+08:00 ] 127.0.0.1 /Admin/Message/getPublicMessageList
INFO: [ app_init ] --START--
INFO: Run Behavior\BuildLiteBehavior [ RunTime:0.000000s ]
INFO: [ app_init ] --END-- [ RunTime:0.001000s ]
INFO: [ app_begin ] --START--
INFO: Run Behavior\ReadHtmlCacheBehavior [ RunTime:0.001000s ]
INFO: [ app_begin ] --END-- [ RunTime:0.001000s ]
SQL: SHOW COLUMNS FROM `zb_user_message` [ RunTime:0.0110s ]
SQL: SHOW COLUMNS FROM `zb_public_message` [ RunTime:0.0130s ]
NOTIC: [8] Undefined index: add_time D:\WEB\192.168.1.126\zbcode\Application\Admin\Model\UserMessageModel.class.php 第 92 行.
SQL: SHOW COLUMNS FROM `zb_public_message` [ RunTime:0.0090s ]
SQL: SELECT COUNT(*) AS tp_count FROM zb_public_message as a left JOIN zb_public_message_log as b on a.id = b.message_id and b.uid = 1  WHERE (  a.status = 1 ) LIMIT 1   [ RunTime:0.0020s ]
SQL: SHOW COLUMNS FROM `zb_public_message` [ RunTime:0.0080s ]
SQL: SELECT a.*,IF(ISNULL(b.id),0,1) as is_view FROM zb_public_message as a left JOIN zb_public_message_log as b on a.id = b.message_id and b.uid = 1  WHERE (  a.status = 1 ) ORDER BY a.add_time desc LIMIT 0,2   [ RunTime:0.0080s ]

[ 2016-04-19T08:43:26+08:00 ] 127.0.0.1 /Admin/Message/getUserMessageList
INFO: [ app_init ] --START--
INFO: Run Behavior\BuildLiteBehavior [ RunTime:0.000000s ]
INFO: [ app_init ] --END-- [ RunTime:0.001000s ]
INFO: [ app_begin ] --START--
INFO: Run Behavior\ReadHtmlCacheBehavior [ RunTime:0.001000s ]
INFO: [ app_begin ] --END-- [ RunTime:0.002000s ]
SQL: SHOW COLUMNS FROM `zb_user_message` [ RunTime:0.0120s ]
NOTIC: [8] Undefined index: add_time D:\WEB\192.168.1.126\zbcode\Application\Admin\Model\UserMessageModel.class.php 第 38 行.
SQL: SELECT COUNT(*) AS tp_count FROM `zb_user_message` WHERE `uid` = 1 AND `is_view` = 1 AND `status` = 1 LIMIT 1   [ RunTime:0.0040s ]
SQL: SELECT * FROM `zb_user_message` WHERE `uid` = 1 AND `is_view` = 1 AND `status` = 1 ORDER BY add_time desc LIMIT 0,5   [ RunTime:0.0060s ]

[ 2016-04-19T08:43:26+08:00 ] 127.0.0.1 /Admin/Access/getUserNodeList?_dc=1461026606271&page=1&start=0&limit=25
INFO: [ app_init ] --START--
INFO: Run Behavior\BuildLiteBehavior [ RunTime:0.000000s ]
INFO: [ app_init ] --END-- [ RunTime:0.002000s ]
INFO: [ app_begin ] --START--
INFO: Run Behavior\ReadHtmlCacheBehavior [ RunTime:0.002000s ]
INFO: [ app_begin ] --END-- [ RunTime:0.002000s ]
SQL: SHOW COLUMNS FROM `zb_user` [ RunTime:0.0190s ]
SQL: SHOW COLUMNS FROM `zb_auth_access` [ RunTime:0.0170s ]
SQL: SELECT aa.role_id FROM zb_auth_access as aa left JOIN zb_auth_role as ar ON aa.role_id = ar.id  WHERE aa.uid = 1 AND ar.status = 1  [ RunTime:0.0050s ]
SQL: SHOW COLUMNS FROM `zb_auth_role_node` [ RunTime:0.0070s ]
SQL: SHOW COLUMNS FROM `zb_auth_role_node` [ RunTime:0.0080s ]
SQL: SELECT DISTINCT r.node_id,n.name,n.pid,n.module,n.iconCls,n.group,n.url FROM zb_auth_role_node as r INNER JOIN zb_auth_node as n on n.id = r.node_id  WHERE r.role_id IN ('69') AND n.type = 1 AND n.status = 1 ORDER BY n.sort asc, n.id desc  [ RunTime:0.0110s ]
NOTIC: [8] Undefined index: id D:\WEB\192.168.1.126\zbcode\Application\Common\Common\function.php 第 122 行.
NOTIC: [8] Undefined index: id D:\WEB\192.168.1.126\zbcode\Application\Common\Common\function.php 第 122 行.
NOTIC: [8] Undefined index: id D:\WEB\192.168.1.126\zbcode\Application\Common\Common\function.php 第 122 行.
NOTIC: [8] Undefined index: id D:\WEB\192.168.1.126\zbcode\Application\Common\Common\function.php 第 122 行.
NOTIC: [8] Undefined index: id D:\WEB\192.168.1.126\zbcode\Application\Common\Common\function.php 第 122 行.
NOTIC: [8] Undefined index: id D:\WEB\192.168.1.126\zbcode\Application\Common\Common\function.php 第 122 行.
NOTIC: [8] Undefined index: id D:\WEB\192.168.1.126\zbcode\Application\Common\Common\function.php 第 122 行.
NOTIC: [8] Undefined index: id D:\WEB\192.168.1.126\zbcode\Application\Common\Common\function.php 第 122 行.
NOTIC: [8] Undefined index: id D:\WEB\192.168.1.126\zbcode\Application\Common\Common\function.php 第 122 行.
NOTIC: [8] Undefined index: id D:\WEB\192.168.1.126\zbcode\Application\Common\Common\function.php 第 122 行.
NOTIC: [8] Undefined index: id D:\WEB\192.168.1.126\zbcode\Application\Common\Common\function.php 第 122 行.
NOTIC: [8] Undefined index: id D:\WEB\192.168.1.126\zbcode\Application\Common\Common\function.php 第 122 行.
NOTIC: [8] Undefined index: id D:\WEB\192.168.1.126\zbcode\Application\Common\Common\function.php 第 122 行.
NOTIC: [8] Undefined index: id D:\WEB\192.168.1.126\zbcode\Application\Common\Common\function.php 第 122 行.
NOTIC: [8] Undefined index: id D:\WEB\192.168.1.126\zbcode\Application\Common\Common\function.php 第 122 行.
NOTIC: [8] Undefined index: id D:\WEB\192.168.1.126\zbcode\Application\Common\Common\function.php 第 122 行.
NOTIC: [8] Undefined index: id D:\WEB\192.168.1.126\zbcode\Application\Common\Common\function.php 第 122 行.
NOTIC: [8] Undefined index: id D:\WEB\192.168.1.126\zbcode\Application\Common\Common\function.php 第 122 行.
NOTIC: [8] Undefined index: id D:\WEB\192.168.1.126\zbcode\Application\Common\Common\function.php 第 122 行.
NOTIC: [8] Undefined index: id D:\WEB\192.168.1.126\zbcode\Application\Common\Common\function.php 第 122 行.
NOTIC: [8] Undefined index: id D:\WEB\192.168.1.126\zbcode\Application\Common\Common\function.php 第 122 行.
NOTIC: [8] Undefined index: id D:\WEB\192.168.1.126\zbcode\Application\Common\Common\function.php 第 122 行.
NOTIC: [8] Undefined index: id D:\WEB\192.168.1.126\zbcode\Application\Common\Common\function.php 第 122 行.
NOTIC: [8] Undefined index: id D:\WEB\192.168.1.126\zbcode\Application\Common\Common\function.php 第 122 行.
NOTIC: [8] Undefined index: id D:\WEB\192.168.1.126\zbcode\Application\Common\Common\function.php 第 122 行.
NOTIC: [8] Undefined index: id D:\WEB\192.168.1.126\zbcode\Application\Common\Common\function.php 第 122 行.
NOTIC: [8] Undefined index: id D:\WEB\192.168.1.126\zbcode\Application\Common\Common\function.php 第 122 行.
NOTIC: [8] Undefined index: id D:\WEB\192.168.1.126\zbcode\Application\Common\Common\function.php 第 122 行.

[ 2016-04-19T08:45:27+08:00 ] 127.0.0.1 /Admin/Message/getUserMessageList
INFO: [ app_init ] --START--
INFO: Run Behavior\BuildLiteBehavior [ RunTime:0.000000s ]
INFO: [ app_init ] --END-- [ RunTime:0.000000s ]
INFO: [ app_begin ] --START--
INFO: Run Behavior\ReadHtmlCacheBehavior [ RunTime:0.000000s ]
INFO: [ app_begin ] --END-- [ RunTime:0.000000s ]
SQL: SHOW COLUMNS FROM `zb_user_message` [ RunTime:0.0156s ]
NOTIC: [8] Undefined index: add_time D:\WEB\192.168.1.126\zbcode\Application\Admin\Model\UserMessageModel.class.php 第 38 行.
SQL: SELECT COUNT(*) AS tp_count FROM `zb_user_message` WHERE `uid` = 1 AND `is_view` = 1 AND `status` = 1 LIMIT 1   [ RunTime:0.0000s ]
SQL: SELECT * FROM `zb_user_message` WHERE `uid` = 1 AND `is_view` = 1 AND `status` = 1 ORDER BY add_time desc LIMIT 0,5   [ RunTime:0.0000s ]

[ 2016-04-19T08:47:28+08:00 ] 127.0.0.1 /Admin/Message/getUserMessageList
INFO: [ app_init ] --START--
INFO: Run Behavior\BuildLiteBehavior [ RunTime:0.000000s ]
INFO: [ app_init ] --END-- [ RunTime:0.000000s ]
INFO: [ app_begin ] --START--
INFO: Run Behavior\ReadHtmlCacheBehavior [ RunTime:0.001000s ]
INFO: [ app_begin ] --END-- [ RunTime:0.001000s ]
SQL: SHOW COLUMNS FROM `zb_user_message` [ RunTime:0.0110s ]
NOTIC: [8] Undefined index: add_time D:\WEB\192.168.1.126\zbcode\Application\Admin\Model\UserMessageModel.class.php 第 38 行.
SQL: SELECT COUNT(*) AS tp_count FROM `zb_user_message` WHERE `uid` = 1 AND `is_view` = 1 AND `status` = 1 LIMIT 1   [ RunTime:0.0040s ]
SQL: SELECT * FROM `zb_user_message` WHERE `uid` = 1 AND `is_view` = 1 AND `status` = 1 ORDER BY add_time desc LIMIT 0,5   [ RunTime:0.0060s ]

[ 2016-04-19T08:49:28+08:00 ] 127.0.0.1 /Admin/Message/getUserMessageList
INFO: [ app_init ] --START--
INFO: Run Behavior\BuildLiteBehavior [ RunTime:0.000000s ]
INFO: [ app_init ] --END-- [ RunTime:0.001000s ]
INFO: [ app_begin ] --START--
INFO: Run Behavior\ReadHtmlCacheBehavior [ RunTime:0.001000s ]
INFO: [ app_begin ] --END-- [ RunTime:0.001000s ]
SQL: SHOW COLUMNS FROM `zb_user_message` [ RunTime:0.0110s ]
NOTIC: [8] Undefined index: add_time D:\WEB\192.168.1.126\zbcode\Application\Admin\Model\UserMessageModel.class.php 第 38 行.
SQL: SELECT COUNT(*) AS tp_count FROM `zb_user_message` WHERE `uid` = 1 AND `is_view` = 1 AND `status` = 1 LIMIT 1   [ RunTime:0.0040s ]
SQL: SELECT * FROM `zb_user_message` WHERE `uid` = 1 AND `is_view` = 1 AND `status` = 1 ORDER BY add_time desc LIMIT 0,5   [ RunTime:0.0060s ]

[ 2016-04-19T08:51:29+08:00 ] 127.0.0.1 /Admin/Message/getUserMessageList
INFO: [ app_init ] --START--
INFO: Run Behavior\BuildLiteBehavior [ RunTime:0.000000s ]
INFO: [ app_init ] --END-- [ RunTime:0.001000s ]
INFO: [ app_begin ] --START--
INFO: Run Behavior\ReadHtmlCacheBehavior [ RunTime:0.001000s ]
INFO: [ app_begin ] --END-- [ RunTime:0.001000s ]
SQL: SHOW COLUMNS FROM `zb_user_message` [ RunTime:0.0120s ]
NOTIC: [8] Undefined index: add_time D:\WEB\192.168.1.126\zbcode\Application\Admin\Model\UserMessageModel.class.php 第 38 行.
SQL: SELECT COUNT(*) AS tp_count FROM `zb_user_message` WHERE `uid` = 1 AND `is_view` = 1 AND `status` = 1 LIMIT 1   [ RunTime:0.0040s ]
SQL: SELECT * FROM `zb_user_message` WHERE `uid` = 1 AND `is_view` = 1 AND `status` = 1 ORDER BY add_time desc LIMIT 0,5   [ RunTime:0.0070s ]

[ 2016-04-19T08:53:27+08:00 ] 127.0.0.1 /Admin/Message/getPublicMessageList
INFO: [ app_init ] --START--
INFO: Run Behavior\BuildLiteBehavior [ RunTime:0.000000s ]
INFO: [ app_init ] --END-- [ RunTime:0.001000s ]
INFO: [ app_begin ] --START--
INFO: Run Behavior\ReadHtmlCacheBehavior [ RunTime:0.000000s ]
INFO: [ app_begin ] --END-- [ RunTime:0.000000s ]
SQL: SHOW COLUMNS FROM `zb_user_message` [ RunTime:0.0000s ]
SQL: SHOW COLUMNS FROM `zb_public_message` [ RunTime:0.0000s ]
NOTIC: [8] Undefined index: add_time D:\WEB\192.168.1.126\zbcode\Application\Admin\Model\UserMessageModel.class.php 第 92 行.
SQL: SHOW COLUMNS FROM `zb_public_message` [ RunTime:0.0156s ]
SQL: SELECT COUNT(*) AS tp_count FROM zb_public_message as a left JOIN zb_public_message_log as b on a.id = b.message_id and b.uid = 1  WHERE (  a.status = 1 ) LIMIT 1   [ RunTime:0.0000s ]
SQL: SHOW COLUMNS FROM `zb_public_message` [ RunTime:0.0156s ]
SQL: SELECT a.*,IF(ISNULL(b.id),0,1) as is_view FROM zb_public_message as a left JOIN zb_public_message_log as b on a.id = b.message_id and b.uid = 1  WHERE (  a.status = 1 ) ORDER BY a.add_time desc LIMIT 0,2   [ RunTime:0.0000s ]

[ 2016-04-19T08:53:30+08:00 ] 127.0.0.1 /Admin/Message/getUserMessageList
INFO: [ app_init ] --START--
INFO: Run Behavior\BuildLiteBehavior [ RunTime:0.000000s ]
INFO: [ app_init ] --END-- [ RunTime:0.001000s ]
INFO: [ app_begin ] --START--
INFO: Run Behavior\ReadHtmlCacheBehavior [ RunTime:0.001000s ]
INFO: [ app_begin ] --END-- [ RunTime:0.001000s ]
SQL: SHOW COLUMNS FROM `zb_user_message` [ RunTime:0.0120s ]
NOTIC: [8] Undefined index: add_time D:\WEB\192.168.1.126\zbcode\Application\Admin\Model\UserMessageModel.class.php 第 38 行.
SQL: SELECT COUNT(*) AS tp_count FROM `zb_user_message` WHERE `uid` = 1 AND `is_view` = 1 AND `status` = 1 LIMIT 1   [ RunTime:0.0030s ]
SQL: SELECT * FROM `zb_user_message` WHERE `uid` = 1 AND `is_view` = 1 AND `status` = 1 ORDER BY add_time desc LIMIT 0,5   [ RunTime:0.0000s ]

[ 2016-04-19T08:55:31+08:00 ] 127.0.0.1 /Admin/Message/getUserMessageList
INFO: [ app_init ] --START--
INFO: Run Behavior\BuildLiteBehavior [ RunTime:0.000000s ]
INFO: [ app_init ] --END-- [ RunTime:0.000000s ]
INFO: [ app_begin ] --START--
INFO: Run Behavior\ReadHtmlCacheBehavior [ RunTime:0.001000s ]
INFO: [ app_begin ] --END-- [ RunTime:0.001000s ]
SQL: SHOW COLUMNS FROM `zb_user_message` [ RunTime:0.0110s ]
NOTIC: [8] Undefined index: add_time D:\WEB\192.168.1.126\zbcode\Application\Admin\Model\UserMessageModel.class.php 第 38 行.
SQL: SELECT COUNT(*) AS tp_count FROM `zb_user_message` WHERE `uid` = 1 AND `is_view` = 1 AND `status` = 1 LIMIT 1   [ RunTime:0.0050s ]
SQL: SELECT * FROM `zb_user_message` WHERE `uid` = 1 AND `is_view` = 1 AND `status` = 1 ORDER BY add_time desc LIMIT 0,5   [ RunTime:0.0060s ]

[ 2016-04-19T08:57:31+08:00 ] 127.0.0.1 /Admin/Message/getUserMessageList
INFO: [ app_init ] --START--
INFO: Run Behavior\BuildLiteBehavior [ RunTime:0.000000s ]
INFO: [ app_init ] --END-- [ RunTime:0.001000s ]
INFO: [ app_begin ] --START--
INFO: Run Behavior\ReadHtmlCacheBehavior [ RunTime:0.001000s ]
INFO: [ app_begin ] --END-- [ RunTime:0.001000s ]
SQL: SHOW COLUMNS FROM `zb_user_message` [ RunTime:0.0160s ]
NOTIC: [8] Undefined index: add_time D:\WEB\192.168.1.126\zbcode\Application\Admin\Model\UserMessageModel.class.php 第 38 行.
SQL: SELECT COUNT(*) AS tp_count FROM `zb_user_message` WHERE `uid` = 1 AND `is_view` = 1 AND `status` = 1 LIMIT 1   [ RunTime:0.0160s ]
SQL: SELECT * FROM `zb_user_message` WHERE `uid` = 1 AND `is_view` = 1 AND `status` = 1 ORDER BY add_time desc LIMIT 0,5   [ RunTime:0.0210s ]

[ 2016-04-19T08:59:31+08:00 ] 127.0.0.1 /Admin/Message/getUserMessageList
INFO: [ app_init ] --START--
INFO: Run Behavior\BuildLiteBehavior [ RunTime:0.001000s ]
INFO: [ app_init ] --END-- [ RunTime:0.001000s ]
INFO: [ app_begin ] --START--
INFO: Run Behavior\ReadHtmlCacheBehavior [ RunTime:0.000000s ]
INFO: [ app_begin ] --END-- [ RunTime:0.000000s ]
SQL: SHOW COLUMNS FROM `zb_user_message` [ RunTime:0.0156s ]
NOTIC: [8] Undefined index: add_time D:\WEB\192.168.1.126\zbcode\Application\Admin\Model\UserMessageModel.class.php 第 38 行.
SQL: SELECT COUNT(*) AS tp_count FROM `zb_user_message` WHERE `uid` = 1 AND `is_view` = 1 AND `status` = 1 LIMIT 1   [ RunTime:0.0000s ]
SQL: SELECT * FROM `zb_user_message` WHERE `uid` = 1 AND `is_view` = 1 AND `status` = 1 ORDER BY add_time desc LIMIT 0,5   [ RunTime:0.0156s ]

[ 2016-04-19T09:01:32+08:00 ] 127.0.0.1 /Admin/Message/getUserMessageList
INFO: [ app_init ] --START--
INFO: Run Behavior\BuildLiteBehavior [ RunTime:0.000000s ]
INFO: [ app_init ] --END-- [ RunTime:0.000000s ]
INFO: [ app_begin ] --START--
INFO: Run Behavior\ReadHtmlCacheBehavior [ RunTime:0.000000s ]
INFO: [ app_begin ] --END-- [ RunTime:0.000000s ]
SQL: SHOW COLUMNS FROM `zb_user_message` [ RunTime:0.0156s ]
NOTIC: [8] Undefined index: add_time D:\WEB\192.168.1.126\zbcode\Application\Admin\Model\UserMessageModel.class.php 第 38 行.
SQL: SELECT COUNT(*) AS tp_count FROM `zb_user_message` WHERE `uid` = 1 AND `is_view` = 1 AND `status` = 1 LIMIT 1   [ RunTime:0.0156s ]
SQL: SELECT * FROM `zb_user_message` WHERE `uid` = 1 AND `is_view` = 1 AND `status` = 1 ORDER BY add_time desc LIMIT 0,5   [ RunTime:0.0000s ]

[ 2016-04-19T09:03:28+08:00 ] 127.0.0.1 /Admin/Message/getPublicMessageList
INFO: [ app_init ] --START--
INFO: Run Behavior\BuildLiteBehavior [ RunTime:0.000000s ]
INFO: [ app_init ] --END-- [ RunTime:0.001000s ]
INFO: [ app_begin ] --START--
INFO: Run Behavior\ReadHtmlCacheBehavior [ RunTime:0.001000s ]
INFO: [ app_begin ] --END-- [ RunTime:0.001000s ]
SQL: SHOW COLUMNS FROM `zb_user_message` [ RunTime:0.0120s ]
SQL: SHOW COLUMNS FROM `zb_public_message` [ RunTime:0.0120s ]
NOTIC: [8] Undefined index: add_time D:\WEB\192.168.1.126\zbcode\Application\Admin\Model\UserMessageModel.class.php 第 92 行.
SQL: SHOW COLUMNS FROM `zb_public_message` [ RunTime:0.0080s ]
SQL: SELECT COUNT(*) AS tp_count FROM zb_public_message as a left JOIN zb_public_message_log as b on a.id = b.message_id and b.uid = 1  WHERE (  a.status = 1 ) LIMIT 1   [ RunTime:0.0030s ]
SQL: SHOW COLUMNS FROM `zb_public_message` [ RunTime:0.0080s ]
SQL: SELECT a.*,IF(ISNULL(b.id),0,1) as is_view FROM zb_public_message as a left JOIN zb_public_message_log as b on a.id = b.message_id and b.uid = 1  WHERE (  a.status = 1 ) ORDER BY a.add_time desc LIMIT 0,2   [ RunTime:0.0080s ]

[ 2016-04-19T09:03:33+08:00 ] 127.0.0.1 /Admin/Message/getUserMessageList
INFO: [ app_init ] --START--
INFO: Run Behavior\BuildLiteBehavior [ RunTime:0.000000s ]
INFO: [ app_init ] --END-- [ RunTime:0.000000s ]
INFO: [ app_begin ] --START--
INFO: Run Behavior\ReadHtmlCacheBehavior [ RunTime:0.000000s ]
INFO: [ app_begin ] --END-- [ RunTime:0.000000s ]
SQL: SHOW COLUMNS FROM `zb_user_message` [ RunTime:0.0156s ]
NOTIC: [8] Undefined index: add_time D:\WEB\192.168.1.126\zbcode\Application\Admin\Model\UserMessageModel.class.php 第 38 行.
SQL: SELECT COUNT(*) AS tp_count FROM `zb_user_message` WHERE `uid` = 1 AND `is_view` = 1 AND `status` = 1 LIMIT 1   [ RunTime:0.0000s ]
SQL: SELECT * FROM `zb_user_message` WHERE `uid` = 1 AND `is_view` = 1 AND `status` = 1 ORDER BY add_time desc LIMIT 0,5   [ RunTime:0.0156s ]

[ 2016-04-19T09:05:34+08:00 ] 127.0.0.1 /Admin/Message/getUserMessageList
INFO: [ app_init ] --START--
INFO: Run Behavior\BuildLiteBehavior [ RunTime:0.000000s ]
INFO: [ app_init ] --END-- [ RunTime:0.000000s ]
INFO: [ app_begin ] --START--
INFO: Run Behavior\ReadHtmlCacheBehavior [ RunTime:0.000000s ]
INFO: [ app_begin ] --END-- [ RunTime:0.000000s ]
SQL: SHOW COLUMNS FROM `zb_user_message` [ RunTime:0.0156s ]
NOTIC: [8] Undefined index: add_time D:\WEB\192.168.1.126\zbcode\Application\Admin\Model\UserMessageModel.class.php 第 38 行.
SQL: SELECT COUNT(*) AS tp_count FROM `zb_user_message` WHERE `uid` = 1 AND `is_view` = 1 AND `status` = 1 LIMIT 1   [ RunTime:0.0000s ]
SQL: SELECT * FROM `zb_user_message` WHERE `uid` = 1 AND `is_view` = 1 AND `status` = 1 ORDER BY add_time desc LIMIT 0,5   [ RunTime:0.0000s ]

[ 2016-04-19T09:07:35+08:00 ] 127.0.0.1 /Admin/Message/getUserMessageList
INFO: [ app_init ] --START--
INFO: Run Behavior\BuildLiteBehavior [ RunTime:0.000000s ]
INFO: [ app_init ] --END-- [ RunTime:0.000000s ]
INFO: [ app_begin ] --START--
INFO: Run Behavior\ReadHtmlCacheBehavior [ RunTime:0.000000s ]
INFO: [ app_begin ] --END-- [ RunTime:0.000000s ]
SQL: SHOW COLUMNS FROM `zb_user_message` [ RunTime:0.0000s ]
NOTIC: [8] Undefined index: add_time D:\WEB\192.168.1.126\zbcode\Application\Admin\Model\UserMessageModel.class.php 第 38 行.
SQL: SELECT COUNT(*) AS tp_count FROM `zb_user_message` WHERE `uid` = 1 AND `is_view` = 1 AND `status` = 1 LIMIT 1   [ RunTime:0.0000s ]
SQL: SELECT * FROM `zb_user_message` WHERE `uid` = 1 AND `is_view` = 1 AND `status` = 1 ORDER BY add_time desc LIMIT 0,5   [ RunTime:0.0000s ]

[ 2016-04-19T09:09:36+08:00 ] 127.0.0.1 /Admin/Message/getUserMessageList
INFO: [ app_init ] --START--
INFO: Run Behavior\BuildLiteBehavior [ RunTime:0.000000s ]
INFO: [ app_init ] --END-- [ RunTime:0.000000s ]
INFO: [ app_begin ] --START--
INFO: Run Behavior\ReadHtmlCacheBehavior [ RunTime:0.001000s ]
INFO: [ app_begin ] --END-- [ RunTime:0.001000s ]
SQL: SHOW COLUMNS FROM `zb_user_message` [ RunTime:0.0120s ]
NOTIC: [8] Undefined index: add_time D:\WEB\192.168.1.126\zbcode\Application\Admin\Model\UserMessageModel.class.php 第 38 行.
SQL: SELECT COUNT(*) AS tp_count FROM `zb_user_message` WHERE `uid` = 1 AND `is_view` = 1 AND `status` = 1 LIMIT 1   [ RunTime:0.0050s ]
SQL: SELECT * FROM `zb_user_message` WHERE `uid` = 1 AND `is_view` = 1 AND `status` = 1 ORDER BY add_time desc LIMIT 0,5   [ RunTime:0.0080s ]

[ 2016-04-19T09:11:36+08:00 ] 127.0.0.1 /Admin/Message/getUserMessageList
INFO: [ app_init ] --START--
INFO: Run Behavior\BuildLiteBehavior [ RunTime:0.000000s ]
INFO: [ app_init ] --END-- [ RunTime:0.000000s ]
INFO: [ app_begin ] --START--
INFO: Run Behavior\ReadHtmlCacheBehavior [ RunTime:0.001000s ]
INFO: [ app_begin ] --END-- [ RunTime:0.001000s ]
SQL: SHOW COLUMNS FROM `zb_user_message` [ RunTime:0.0156s ]
NOTIC: [8] Undefined index: add_time D:\WEB\192.168.1.126\zbcode\Application\Admin\Model\UserMessageModel.class.php 第 38 行.
SQL: SELECT COUNT(*) AS tp_count FROM `zb_user_message` WHERE `uid` = 1 AND `is_view` = 1 AND `status` = 1 LIMIT 1   [ RunTime:0.0000s ]
SQL: SELECT * FROM `zb_user_message` WHERE `uid` = 1 AND `is_view` = 1 AND `status` = 1 ORDER BY add_time desc LIMIT 0,5   [ RunTime:0.0156s ]

[ 2016-04-19T09:13:28+08:00 ] 127.0.0.1 /Admin/Message/getPublicMessageList
INFO: [ app_init ] --START--
INFO: Run Behavior\BuildLiteBehavior [ RunTime:0.000000s ]
INFO: [ app_init ] --END-- [ RunTime:0.000000s ]
INFO: [ app_begin ] --START--
INFO: Run Behavior\ReadHtmlCacheBehavior [ RunTime:0.000000s ]
INFO: [ app_begin ] --END-- [ RunTime:0.001000s ]
SQL: SHOW COLUMNS FROM `zb_user_message` [ RunTime:0.0120s ]
SQL: SHOW COLUMNS FROM `zb_public_message` [ RunTime:0.0110s ]
NOTIC: [8] Undefined index: add_time D:\WEB\192.168.1.126\zbcode\Application\Admin\Model\UserMessageModel.class.php 第 92 行.
SQL: SHOW COLUMNS FROM `zb_public_message` [ RunTime:0.0120s ]
SQL: SELECT COUNT(*) AS tp_count FROM zb_public_message as a left JOIN zb_public_message_log as b on a.id = b.message_id and b.uid = 1  WHERE (  a.status = 1 ) LIMIT 1   [ RunTime:0.0040s ]
SQL: SHOW COLUMNS FROM `zb_public_message` [ RunTime:0.0130s ]
SQL: SELECT a.*,IF(ISNULL(b.id),0,1) as is_view FROM zb_public_message as a left JOIN zb_public_message_log as b on a.id = b.message_id and b.uid = 1  WHERE (  a.status = 1 ) ORDER BY a.add_time desc LIMIT 0,2   [ RunTime:0.0130s ]

[ 2016-04-19T09:13:37+08:00 ] 127.0.0.1 /Admin/Message/getUserMessageList
INFO: [ app_init ] --START--
INFO: Run Behavior\BuildLiteBehavior [ RunTime:0.001000s ]
INFO: [ app_init ] --END-- [ RunTime:0.002000s ]
INFO: [ app_begin ] --START--
INFO: Run Behavior\ReadHtmlCacheBehavior [ RunTime:0.000000s ]
INFO: [ app_begin ] --END-- [ RunTime:0.001000s ]
SQL: SHOW COLUMNS FROM `zb_user_message` [ RunTime:0.0120s ]
NOTIC: [8] Undefined index: add_time D:\WEB\192.168.1.126\zbcode\Application\Admin\Model\UserMessageModel.class.php 第 38 行.
SQL: SELECT COUNT(*) AS tp_count FROM `zb_user_message` WHERE `uid` = 1 AND `is_view` = 1 AND `status` = 1 LIMIT 1   [ RunTime:0.0050s ]
SQL: SELECT * FROM `zb_user_message` WHERE `uid` = 1 AND `is_view` = 1 AND `status` = 1 ORDER BY add_time desc LIMIT 0,5   [ RunTime:0.0070s ]

[ 2016-04-19T09:15:37+08:00 ] 127.0.0.1 /Admin/Message/getUserMessageList
INFO: [ app_init ] --START--
INFO: Run Behavior\BuildLiteBehavior [ RunTime:0.000000s ]
INFO: [ app_init ] --END-- [ RunTime:0.000000s ]
INFO: [ app_begin ] --START--
INFO: Run Behavior\ReadHtmlCacheBehavior [ RunTime:0.001000s ]
INFO: [ app_begin ] --END-- [ RunTime:0.001000s ]
SQL: SHOW COLUMNS FROM `zb_user_message` [ RunTime:0.0110s ]
NOTIC: [8] Undefined index: add_time D:\WEB\192.168.1.126\zbcode\Application\Admin\Model\UserMessageModel.class.php 第 38 行.
SQL: SELECT COUNT(*) AS tp_count FROM `zb_user_message` WHERE `uid` = 1 AND `is_view` = 1 AND `status` = 1 LIMIT 1   [ RunTime:0.0050s ]
SQL: SELECT * FROM `zb_user_message` WHERE `uid` = 1 AND `is_view` = 1 AND `status` = 1 ORDER BY add_time desc LIMIT 0,5   [ RunTime:0.0060s ]

[ 2016-04-19T09:17:37+08:00 ] 127.0.0.1 /Admin/Message/getUserMessageList
INFO: [ app_init ] --START--
INFO: Run Behavior\BuildLiteBehavior [ RunTime:0.000000s ]
INFO: [ app_init ] --END-- [ RunTime:0.000000s ]
INFO: [ app_begin ] --START--
INFO: Run Behavior\ReadHtmlCacheBehavior [ RunTime:0.000000s ]
INFO: [ app_begin ] --END-- [ RunTime:0.000000s ]
SQL: SHOW COLUMNS FROM `zb_user_message` [ RunTime:0.0110s ]
NOTIC: [8] Undefined index: add_time D:\WEB\192.168.1.126\zbcode\Application\Admin\Model\UserMessageModel.class.php 第 38 行.
SQL: SELECT COUNT(*) AS tp_count FROM `zb_user_message` WHERE `uid` = 1 AND `is_view` = 1 AND `status` = 1 LIMIT 1   [ RunTime:0.0050s ]
SQL: SELECT * FROM `zb_user_message` WHERE `uid` = 1 AND `is_view` = 1 AND `status` = 1 ORDER BY add_time desc LIMIT 0,5   [ RunTime:0.0080s ]

[ 2016-04-19T09:19:37+08:00 ] 127.0.0.1 /Admin/Message/getUserMessageList
INFO: [ app_init ] --START--
INFO: Run Behavior\BuildLiteBehavior [ RunTime:0.000000s ]
INFO: [ app_init ] --END-- [ RunTime:0.000000s ]
INFO: [ app_begin ] --START--
INFO: Run Behavior\ReadHtmlCacheBehavior [ RunTime:0.001000s ]
INFO: [ app_begin ] --END-- [ RunTime:0.001000s ]
SQL: SHOW COLUMNS FROM `zb_user_message` [ RunTime:0.0120s ]
NOTIC: [8] Undefined index: add_time D:\WEB\192.168.1.126\zbcode\Application\Admin\Model\UserMessageModel.class.php 第 38 行.
SQL: SELECT COUNT(*) AS tp_count FROM `zb_user_message` WHERE `uid` = 1 AND `is_view` = 1 AND `status` = 1 LIMIT 1   [ RunTime:0.0050s ]
SQL: SELECT * FROM `zb_user_message` WHERE `uid` = 1 AND `is_view` = 1 AND `status` = 1 ORDER BY add_time desc LIMIT 0,5   [ RunTime:0.0090s ]

[ 2016-04-19T09:21:37+08:00 ] 127.0.0.1 /Admin/Message/getUserMessageList
INFO: [ app_init ] --START--
INFO: Run Behavior\BuildLiteBehavior [ RunTime:0.000000s ]
INFO: [ app_init ] --END-- [ RunTime:0.000000s ]
INFO: [ app_begin ] --START--
INFO: Run Behavior\ReadHtmlCacheBehavior [ RunTime:0.001000s ]
INFO: [ app_begin ] --END-- [ RunTime:0.001000s ]
SQL: SHOW COLUMNS FROM `zb_user_message` [ RunTime:0.0120s ]
NOTIC: [8] Undefined index: add_time D:\WEB\192.168.1.126\zbcode\Application\Admin\Model\UserMessageModel.class.php 第 38 行.
SQL: SELECT COUNT(*) AS tp_count FROM `zb_user_message` WHERE `uid` = 1 AND `is_view` = 1 AND `status` = 1 LIMIT 1   [ RunTime:0.0040s ]
SQL: SELECT * FROM `zb_user_message` WHERE `uid` = 1 AND `is_view` = 1 AND `status` = 1 ORDER BY add_time desc LIMIT 0,5   [ RunTime:0.0070s ]

[ 2016-04-19T09:23:28+08:00 ] 127.0.0.1 /Admin/Message/getPublicMessageList
INFO: [ app_init ] --START--
INFO: Run Behavior\BuildLiteBehavior [ RunTime:0.000000s ]
INFO: [ app_init ] --END-- [ RunTime:0.000000s ]
INFO: [ app_begin ] --START--
INFO: Run Behavior\ReadHtmlCacheBehavior [ RunTime:0.000000s ]
INFO: [ app_begin ] --END-- [ RunTime:0.001000s ]
SQL: SHOW COLUMNS FROM `zb_user_message` [ RunTime:0.0120s ]
SQL: SHOW COLUMNS FROM `zb_public_message` [ RunTime:0.0110s ]
NOTIC: [8] Undefined index: add_time D:\WEB\192.168.1.126\zbcode\Application\Admin\Model\UserMessageModel.class.php 第 92 行.
SQL: SHOW COLUMNS FROM `zb_public_message` [ RunTime:0.0090s ]
SQL: SELECT COUNT(*) AS tp_count FROM zb_public_message as a left JOIN zb_public_message_log as b on a.id = b.message_id and b.uid = 1  WHERE (  a.status = 1 ) LIMIT 1   [ RunTime:0.0050s ]
SQL: SHOW COLUMNS FROM `zb_public_message` [ RunTime:0.0090s ]
SQL: SELECT a.*,IF(ISNULL(b.id),0,1) as is_view FROM zb_public_message as a left JOIN zb_public_message_log as b on a.id = b.message_id and b.uid = 1  WHERE (  a.status = 1 ) ORDER BY a.add_time desc LIMIT 0,2   [ RunTime:0.0080s ]

[ 2016-04-19T09:23:37+08:00 ] 127.0.0.1 /Admin/Message/getUserMessageList
INFO: [ app_init ] --START--
INFO: Run Behavior\BuildLiteBehavior [ RunTime:0.000000s ]
INFO: [ app_init ] --END-- [ RunTime:0.000000s ]
INFO: [ app_begin ] --START--
INFO: Run Behavior\ReadHtmlCacheBehavior [ RunTime:0.000000s ]
INFO: [ app_begin ] --END-- [ RunTime:0.001000s ]
SQL: SHOW COLUMNS FROM `zb_user_message` [ RunTime:0.0110s ]
NOTIC: [8] Undefined index: add_time D:\WEB\192.168.1.126\zbcode\Application\Admin\Model\UserMessageModel.class.php 第 38 行.
SQL: SELECT COUNT(*) AS tp_count FROM `zb_user_message` WHERE `uid` = 1 AND `is_view` = 1 AND `status` = 1 LIMIT 1   [ RunTime:0.0050s ]
SQL: SELECT * FROM `zb_user_message` WHERE `uid` = 1 AND `is_view` = 1 AND `status` = 1 ORDER BY add_time desc LIMIT 0,5   [ RunTime:0.0080s ]

[ 2016-04-19T09:25:38+08:00 ] 127.0.0.1 /Admin/Message/getUserMessageList
INFO: [ app_init ] --START--
INFO: Run Behavior\BuildLiteBehavior [ RunTime:0.000000s ]
INFO: [ app_init ] --END-- [ RunTime:0.001000s ]
INFO: [ app_begin ] --START--
INFO: Run Behavior\ReadHtmlCacheBehavior [ RunTime:0.001000s ]
INFO: [ app_begin ] --END-- [ RunTime:0.001000s ]
SQL: SHOW COLUMNS FROM `zb_user_message` [ RunTime:0.0130s ]
NOTIC: [8] Undefined index: add_time D:\WEB\192.168.1.126\zbcode\Application\Admin\Model\UserMessageModel.class.php 第 38 行.
SQL: SELECT COUNT(*) AS tp_count FROM `zb_user_message` WHERE `uid` = 1 AND `is_view` = 1 AND `status` = 1 LIMIT 1   [ RunTime:0.0060s ]
SQL: SELECT * FROM `zb_user_message` WHERE `uid` = 1 AND `is_view` = 1 AND `status` = 1 ORDER BY add_time desc LIMIT 0,5   [ RunTime:0.0060s ]

[ 2016-04-19T09:27:38+08:00 ] 127.0.0.1 /Admin/Message/getUserMessageList
INFO: [ app_init ] --START--
INFO: Run Behavior\BuildLiteBehavior [ RunTime:0.000000s ]
INFO: [ app_init ] --END-- [ RunTime:0.000000s ]
INFO: [ app_begin ] --START--
INFO: Run Behavior\ReadHtmlCacheBehavior [ RunTime:0.000000s ]
INFO: [ app_begin ] --END-- [ RunTime:0.001000s ]
SQL: SHOW COLUMNS FROM `zb_user_message` [ RunTime:0.0140s ]
NOTIC: [8] Undefined index: add_time D:\WEB\192.168.1.126\zbcode\Application\Admin\Model\UserMessageModel.class.php 第 38 行.
SQL: SELECT COUNT(*) AS tp_count FROM `zb_user_message` WHERE `uid` = 1 AND `is_view` = 1 AND `status` = 1 LIMIT 1   [ RunTime:0.0050s ]
SQL: SELECT * FROM `zb_user_message` WHERE `uid` = 1 AND `is_view` = 1 AND `status` = 1 ORDER BY add_time desc LIMIT 0,5   [ RunTime:0.0070s ]

[ 2016-04-19T09:29:38+08:00 ] 127.0.0.1 /Admin/Message/getUserMessageList
INFO: [ app_init ] --START--
INFO: Run Behavior\BuildLiteBehavior [ RunTime:0.000000s ]
INFO: [ app_init ] --END-- [ RunTime:0.002000s ]
INFO: [ app_begin ] --START--
INFO: Run Behavior\ReadHtmlCacheBehavior [ RunTime:0.001000s ]
INFO: [ app_begin ] --END-- [ RunTime:0.002000s ]
SQL: SHOW COLUMNS FROM `zb_user_message` [ RunTime:0.0120s ]
NOTIC: [8] Undefined index: add_time D:\WEB\192.168.1.126\zbcode\Application\Admin\Model\UserMessageModel.class.php 第 38 行.
SQL: SELECT COUNT(*) AS tp_count FROM `zb_user_message` WHERE `uid` = 1 AND `is_view` = 1 AND `status` = 1 LIMIT 1   [ RunTime:0.0040s ]
SQL: SELECT * FROM `zb_user_message` WHERE `uid` = 1 AND `is_view` = 1 AND `status` = 1 ORDER BY add_time desc LIMIT 0,5   [ RunTime:0.0060s ]

[ 2016-04-19T09:31:39+08:00 ] 127.0.0.1 /Admin/Message/getUserMessageList
INFO: [ app_init ] --START--
INFO: Run Behavior\BuildLiteBehavior [ RunTime:0.000000s ]
INFO: [ app_init ] --END-- [ RunTime:0.001000s ]
INFO: [ app_begin ] --START--
INFO: Run Behavior\ReadHtmlCacheBehavior [ RunTime:0.000000s ]
INFO: [ app_begin ] --END-- [ RunTime:0.000000s ]
SQL: SHOW COLUMNS FROM `zb_user_message` [ RunTime:0.0120s ]
NOTIC: [8] Undefined index: add_time D:\WEB\192.168.1.126\zbcode\Application\Admin\Model\UserMessageModel.class.php 第 38 行.
SQL: SELECT COUNT(*) AS tp_count FROM `zb_user_message` WHERE `uid` = 1 AND `is_view` = 1 AND `status` = 1 LIMIT 1   [ RunTime:0.0040s ]
SQL: SELECT * FROM `zb_user_message` WHERE `uid` = 1 AND `is_view` = 1 AND `status` = 1 ORDER BY add_time desc LIMIT 0,5   [ RunTime:0.0060s ]

[ 2016-04-19T09:33:28+08:00 ] 127.0.0.1 /Admin/Message/getPublicMessageList
INFO: [ app_init ] --START--
INFO: Run Behavior\BuildLiteBehavior [ RunTime:0.001000s ]
INFO: [ app_init ] --END-- [ RunTime:0.001000s ]
INFO: [ app_begin ] --START--
INFO: Run Behavior\ReadHtmlCacheBehavior [ RunTime:0.000000s ]
INFO: [ app_begin ] --END-- [ RunTime:0.001000s ]
SQL: SHOW COLUMNS FROM `zb_user_message` [ RunTime:0.0140s ]
SQL: SHOW COLUMNS FROM `zb_public_message` [ RunTime:0.0120s ]
NOTIC: [8] Undefined index: add_time D:\WEB\192.168.1.126\zbcode\Application\Admin\Model\UserMessageModel.class.php 第 92 行.
SQL: SHOW COLUMNS FROM `zb_public_message` [ RunTime:0.0100s ]
SQL: SELECT COUNT(*) AS tp_count FROM zb_public_message as a left JOIN zb_public_message_log as b on a.id = b.message_id and b.uid = 1  WHERE (  a.status = 1 ) LIMIT 1   [ RunTime:0.0030s ]
SQL: SHOW COLUMNS FROM `zb_public_message` [ RunTime:0.0090s ]
SQL: SELECT a.*,IF(ISNULL(b.id),0,1) as is_view FROM zb_public_message as a left JOIN zb_public_message_log as b on a.id = b.message_id and b.uid = 1  WHERE (  a.status = 1 ) ORDER BY a.add_time desc LIMIT 0,2   [ RunTime:0.0110s ]

[ 2016-04-19T09:33:39+08:00 ] 127.0.0.1 /Admin/Message/getUserMessageList
INFO: [ app_init ] --START--
INFO: Run Behavior\BuildLiteBehavior [ RunTime:0.000000s ]
INFO: [ app_init ] --END-- [ RunTime:0.001000s ]
INFO: [ app_begin ] --START--
INFO: Run Behavior\ReadHtmlCacheBehavior [ RunTime:0.001000s ]
INFO: [ app_begin ] --END-- [ RunTime:0.001000s ]
SQL: SHOW COLUMNS FROM `zb_user_message` [ RunTime:0.0110s ]
NOTIC: [8] Undefined index: add_time D:\WEB\192.168.1.126\zbcode\Application\Admin\Model\UserMessageModel.class.php 第 38 行.
SQL: SELECT COUNT(*) AS tp_count FROM `zb_user_message` WHERE `uid` = 1 AND `is_view` = 1 AND `status` = 1 LIMIT 1   [ RunTime:0.0050s ]
SQL: SELECT * FROM `zb_user_message` WHERE `uid` = 1 AND `is_view` = 1 AND `status` = 1 ORDER BY add_time desc LIMIT 0,5   [ RunTime:0.0070s ]

[ 2016-04-19T09:35:39+08:00 ] 127.0.0.1 /Admin/Message/getUserMessageList
INFO: [ app_init ] --START--
INFO: Run Behavior\BuildLiteBehavior [ RunTime:0.000000s ]
INFO: [ app_init ] --END-- [ RunTime:0.001000s ]
INFO: [ app_begin ] --START--
INFO: Run Behavior\ReadHtmlCacheBehavior [ RunTime:0.001000s ]
INFO: [ app_begin ] --END-- [ RunTime:0.001000s ]
SQL: SHOW COLUMNS FROM `zb_user_message` [ RunTime:0.0170s ]
NOTIC: [8] Undefined index: add_time D:\WEB\192.168.1.126\zbcode\Application\Admin\Model\UserMessageModel.class.php 第 38 行.
SQL: SELECT COUNT(*) AS tp_count FROM `zb_user_message` WHERE `uid` = 1 AND `is_view` = 1 AND `status` = 1 LIMIT 1   [ RunTime:0.0070s ]
SQL: SELECT * FROM `zb_user_message` WHERE `uid` = 1 AND `is_view` = 1 AND `status` = 1 ORDER BY add_time desc LIMIT 0,5   [ RunTime:0.0060s ]

[ 2016-04-19T09:37:39+08:00 ] 127.0.0.1 /Admin/Message/getUserMessageList
INFO: [ app_init ] --START--
INFO: Run Behavior\BuildLiteBehavior [ RunTime:0.000000s ]
INFO: [ app_init ] --END-- [ RunTime:0.001000s ]
INFO: [ app_begin ] --START--
INFO: Run Behavior\ReadHtmlCacheBehavior [ RunTime:0.001000s ]
INFO: [ app_begin ] --END-- [ RunTime:0.001000s ]
SQL: SHOW COLUMNS FROM `zb_user_message` [ RunTime:0.0140s ]
NOTIC: [8] Undefined index: add_time D:\WEB\192.168.1.126\zbcode\Application\Admin\Model\UserMessageModel.class.php 第 38 行.
SQL: SELECT COUNT(*) AS tp_count FROM `zb_user_message` WHERE `uid` = 1 AND `is_view` = 1 AND `status` = 1 LIMIT 1   [ RunTime:0.0050s ]
SQL: SELECT * FROM `zb_user_message` WHERE `uid` = 1 AND `is_view` = 1 AND `status` = 1 ORDER BY add_time desc LIMIT 0,5   [ RunTime:0.0060s ]

[ 2016-04-19T09:39:39+08:00 ] 127.0.0.1 /Admin/Message/getUserMessageList
INFO: [ app_init ] --START--
INFO: Run Behavior\BuildLiteBehavior [ RunTime:0.000000s ]
INFO: [ app_init ] --END-- [ RunTime:0.001000s ]
INFO: [ app_begin ] --START--
INFO: Run Behavior\ReadHtmlCacheBehavior [ RunTime:0.000000s ]
INFO: [ app_begin ] --END-- [ RunTime:0.000000s ]
SQL: SHOW COLUMNS FROM `zb_user_message` [ RunTime:0.0150s ]
NOTIC: [8] Undefined index: add_time D:\WEB\192.168.1.126\zbcode\Application\Admin\Model\UserMessageModel.class.php 第 38 行.
SQL: SELECT COUNT(*) AS tp_count FROM `zb_user_message` WHERE `uid` = 1 AND `is_view` = 1 AND `status` = 1 LIMIT 1   [ RunTime:0.0070s ]
SQL: SELECT * FROM `zb_user_message` WHERE `uid` = 1 AND `is_view` = 1 AND `status` = 1 ORDER BY add_time desc LIMIT 0,5   [ RunTime:0.0060s ]

[ 2016-04-19T09:41:39+08:00 ] 127.0.0.1 /Admin/Message/getUserMessageList
INFO: [ app_init ] --START--
INFO: Run Behavior\BuildLiteBehavior [ RunTime:0.000000s ]
INFO: [ app_init ] --END-- [ RunTime:0.000000s ]
INFO: [ app_begin ] --START--
INFO: Run Behavior\ReadHtmlCacheBehavior [ RunTime:0.000000s ]
INFO: [ app_begin ] --END-- [ RunTime:0.000000s ]
SQL: SHOW COLUMNS FROM `zb_user_message` [ RunTime:0.0120s ]
NOTIC: [8] Undefined index: add_time D:\WEB\192.168.1.126\zbcode\Application\Admin\Model\UserMessageModel.class.php 第 38 行.
SQL: SELECT COUNT(*) AS tp_count FROM `zb_user_message` WHERE `uid` = 1 AND `is_view` = 1 AND `status` = 1 LIMIT 1   [ RunTime:0.0050s ]
SQL: SELECT * FROM `zb_user_message` WHERE `uid` = 1 AND `is_view` = 1 AND `status` = 1 ORDER BY add_time desc LIMIT 0,5   [ RunTime:0.0060s ]

[ 2016-04-19T09:43:29+08:00 ] 127.0.0.1 /Admin/Message/getPublicMessageList
INFO: [ app_init ] --START--
INFO: Run Behavior\BuildLiteBehavior [ RunTime:0.000000s ]
INFO: [ app_init ] --END-- [ RunTime:0.001000s ]
INFO: [ app_begin ] --START--
INFO: Run Behavior\ReadHtmlCacheBehavior [ RunTime:0.001000s ]
INFO: [ app_begin ] --END-- [ RunTime:0.001000s ]
SQL: SHOW COLUMNS FROM `zb_user_message` [ RunTime:0.0110s ]
SQL: SHOW COLUMNS FROM `zb_public_message` [ RunTime:0.0110s ]
NOTIC: [8] Undefined index: add_time D:\WEB\192.168.1.126\zbcode\Application\Admin\Model\UserMessageModel.class.php 第 92 行.
SQL: SHOW COLUMNS FROM `zb_public_message` [ RunTime:0.0120s ]
SQL: SELECT COUNT(*) AS tp_count FROM zb_public_message as a left JOIN zb_public_message_log as b on a.id = b.message_id and b.uid = 1  WHERE (  a.status = 1 ) LIMIT 1   [ RunTime:0.0030s ]
SQL: SHOW COLUMNS FROM `zb_public_message` [ RunTime:0.0120s ]
SQL: SELECT a.*,IF(ISNULL(b.id),0,1) as is_view FROM zb_public_message as a left JOIN zb_public_message_log as b on a.id = b.message_id and b.uid = 1  WHERE (  a.status = 1 ) ORDER BY a.add_time desc LIMIT 0,2   [ RunTime:0.0090s ]

[ 2016-04-19T09:43:40+08:00 ] 127.0.0.1 /Admin/Message/getUserMessageList
INFO: [ app_init ] --START--
INFO: Run Behavior\BuildLiteBehavior [ RunTime:0.000000s ]
INFO: [ app_init ] --END-- [ RunTime:0.001000s ]
INFO: [ app_begin ] --START--
INFO: Run Behavior\ReadHtmlCacheBehavior [ RunTime:0.000000s ]
INFO: [ app_begin ] --END-- [ RunTime:0.001000s ]
SQL: SHOW COLUMNS FROM `zb_user_message` [ RunTime:0.0210s ]
NOTIC: [8] Undefined index: add_time D:\WEB\192.168.1.126\zbcode\Application\Admin\Model\UserMessageModel.class.php 第 38 行.
SQL: SELECT COUNT(*) AS tp_count FROM `zb_user_message` WHERE `uid` = 1 AND `is_view` = 1 AND `status` = 1 LIMIT 1   [ RunTime:0.0160s ]
SQL: SELECT * FROM `zb_user_message` WHERE `uid` = 1 AND `is_view` = 1 AND `status` = 1 ORDER BY add_time desc LIMIT 0,5   [ RunTime:0.0090s ]

[ 2016-04-19T09:45:41+08:00 ] 127.0.0.1 /Admin/Message/getUserMessageList
INFO: [ app_init ] --START--
INFO: Run Behavior\BuildLiteBehavior [ RunTime:0.000000s ]
INFO: [ app_init ] --END-- [ RunTime:0.001000s ]
INFO: [ app_begin ] --START--
INFO: Run Behavior\ReadHtmlCacheBehavior [ RunTime:0.000000s ]
INFO: [ app_begin ] --END-- [ RunTime:0.001000s ]
SQL: SHOW COLUMNS FROM `zb_user_message` [ RunTime:0.0110s ]
NOTIC: [8] Undefined index: add_time D:\WEB\192.168.1.126\zbcode\Application\Admin\Model\UserMessageModel.class.php 第 38 行.
SQL: SELECT COUNT(*) AS tp_count FROM `zb_user_message` WHERE `uid` = 1 AND `is_view` = 1 AND `status` = 1 LIMIT 1   [ RunTime:0.0050s ]
SQL: SELECT * FROM `zb_user_message` WHERE `uid` = 1 AND `is_view` = 1 AND `status` = 1 ORDER BY add_time desc LIMIT 0,5   [ RunTime:0.0060s ]

[ 2016-04-19T09:47:41+08:00 ] 127.0.0.1 /Admin/Message/getUserMessageList
INFO: [ app_init ] --START--
INFO: Run Behavior\BuildLiteBehavior [ RunTime:0.001000s ]
INFO: [ app_init ] --END-- [ RunTime:0.001000s ]
INFO: [ app_begin ] --START--
INFO: Run Behavior\ReadHtmlCacheBehavior [ RunTime:0.001000s ]
INFO: [ app_begin ] --END-- [ RunTime:0.001000s ]
SQL: SHOW COLUMNS FROM `zb_user_message` [ RunTime:0.0110s ]
NOTIC: [8] Undefined index: add_time D:\WEB\192.168.1.126\zbcode\Application\Admin\Model\UserMessageModel.class.php 第 38 行.
SQL: SELECT COUNT(*) AS tp_count FROM `zb_user_message` WHERE `uid` = 1 AND `is_view` = 1 AND `status` = 1 LIMIT 1   [ RunTime:0.0050s ]
SQL: SELECT * FROM `zb_user_message` WHERE `uid` = 1 AND `is_view` = 1 AND `status` = 1 ORDER BY add_time desc LIMIT 0,5   [ RunTime:0.0060s ]

[ 2016-04-19T09:49:42+08:00 ] 127.0.0.1 /Admin/Message/getUserMessageList
INFO: [ app_init ] --START--
INFO: Run Behavior\BuildLiteBehavior [ RunTime:0.000000s ]
INFO: [ app_init ] --END-- [ RunTime:0.001000s ]
INFO: [ app_begin ] --START--
INFO: Run Behavior\ReadHtmlCacheBehavior [ RunTime:0.001000s ]
INFO: [ app_begin ] --END-- [ RunTime:0.001000s ]
SQL: SHOW COLUMNS FROM `zb_user_message` [ RunTime:0.0120s ]
NOTIC: [8] Undefined index: add_time D:\WEB\192.168.1.126\zbcode\Application\Admin\Model\UserMessageModel.class.php 第 38 行.
SQL: SELECT COUNT(*) AS tp_count FROM `zb_user_message` WHERE `uid` = 1 AND `is_view` = 1 AND `status` = 1 LIMIT 1   [ RunTime:0.0050s ]
SQL: SELECT * FROM `zb_user_message` WHERE `uid` = 1 AND `is_view` = 1 AND `status` = 1 ORDER BY add_time desc LIMIT 0,5   [ RunTime:0.0060s ]

[ 2016-04-19T09:51:43+08:00 ] 127.0.0.1 /Admin/Message/getUserMessageList
INFO: [ app_init ] --START--
INFO: Run Behavior\BuildLiteBehavior [ RunTime:0.000000s ]
INFO: [ app_init ] --END-- [ RunTime:0.000000s ]
INFO: [ app_begin ] --START--
INFO: Run Behavior\ReadHtmlCacheBehavior [ RunTime:0.001000s ]
INFO: [ app_begin ] --END-- [ RunTime:0.001000s ]
SQL: SHOW COLUMNS FROM `zb_user_message` [ RunTime:0.0110s ]
NOTIC: [8] Undefined index: add_time D:\WEB\192.168.1.126\zbcode\Application\Admin\Model\UserMessageModel.class.php 第 38 行.
SQL: SELECT COUNT(*) AS tp_count FROM `zb_user_message` WHERE `uid` = 1 AND `is_view` = 1 AND `status` = 1 LIMIT 1   [ RunTime:0.0050s ]
SQL: SELECT * FROM `zb_user_message` WHERE `uid` = 1 AND `is_view` = 1 AND `status` = 1 ORDER BY add_time desc LIMIT 0,5   [ RunTime:0.0070s ]

