[ 2016-01-08T09:32:21+08:00 ] 127.0.0.1 /admin
INFO: [ app_init ] --START--
INFO: Run Behavior\BuildLiteBehavior [ RunTime:0.000000s ]
INFO: [ app_init ] --END-- [ RunTime:0.001000s ]
INFO: [ app_begin ] --START--
INFO: Run Behavior\ReadHtmlCacheBehavior [ RunTime:0.001001s ]
INFO: [ app_begin ] --END-- [ RunTime:0.001001s ]

[ 2016-01-08T09:32:22+08:00 ] 127.0.0.1 /Admin/common/login.html
INFO: [ app_init ] --START--
INFO: Run Behavior\BuildLiteBehavior [ RunTime:0.000000s ]
INFO: [ app_init ] --END-- [ RunTime:0.000000s ]
INFO: [ app_begin ] --START--
INFO: Run Behavior\ReadHtmlCacheBehavior [ RunTime:0.001000s ]
INFO: [ app_begin ] --END-- [ RunTime:0.001000s ]
INFO: [ view_parse ] --START--
INFO: [ template_filter ] --START--
INFO: Run Behavior\ContentReplaceBehavior [ RunTime:0.000000s ]
INFO: [ template_filter ] --END-- [ RunTime:0.000000s ]
INFO: Run Behavior\ParseTemplateBehavior [ RunTime:0.193011s ]
INFO: [ view_parse ] --END-- [ RunTime:0.193011s ]
INFO: [ view_filter ] --START--
INFO: Run Behavior\WriteHtmlCacheBehavior [ RunTime:0.001000s ]
INFO: [ view_filter ] --END-- [ RunTime:0.001000s ]
INFO: [ app_end ] --START--
INFO: Run Behavior\ShowPageTraceBehavior [ RunTime:0.000000s ]
INFO: [ app_end ] --END-- [ RunTime:0.000000s ]

[ 2016-01-08T09:32:29+08:00 ] 127.0.0.1 /Admin/common/login.html
INFO: [ app_init ] --START--
INFO: Run Behavior\BuildLiteBehavior [ RunTime:0.000000s ]
INFO: [ app_init ] --END-- [ RunTime:0.000000s ]
INFO: [ app_begin ] --START--
INFO: Run Behavior\ReadHtmlCacheBehavior [ RunTime:0.001000s ]
INFO: [ app_begin ] --END-- [ RunTime:0.001000s ]
SQL: SHOW COLUMNS FROM `zb_user` [ RunTime:0.0110s ]
SQL: SELECT * FROM `zb_user` WHERE ( email = 'zb@zb.com' and password = 'e10adc3949ba59abbe56e057f20f883e' and status = 1 ) LIMIT 1   [ RunTime:0.0030s ]
SQL: SELECT * FROM `zb_user` WHERE `email` = 'zb@zb.com' LIMIT 1   [ RunTime:0.0020s ]

[ 2016-01-08T09:32:29+08:00 ] 127.0.0.1 /Admin/index/index.html
INFO: [ app_init ] --START--
INFO: Run Behavior\BuildLiteBehavior [ RunTime:0.000000s ]
INFO: [ app_init ] --END-- [ RunTime:0.000000s ]
INFO: [ app_begin ] --START--
INFO: Run Behavior\ReadHtmlCacheBehavior [ RunTime:0.000000s ]
INFO: [ app_begin ] --END-- [ RunTime:0.000000s ]
INFO: [ view_parse ] --START--
INFO: [ template_filter ] --START--
INFO: Run Behavior\ContentReplaceBehavior [ RunTime:0.000000s ]
INFO: [ template_filter ] --END-- [ RunTime:0.000000s ]
INFO: Run Behavior\ParseTemplateBehavior [ RunTime:0.021001s ]
INFO: [ view_parse ] --END-- [ RunTime:0.021001s ]
INFO: [ view_filter ] --START--
INFO: Run Behavior\WriteHtmlCacheBehavior [ RunTime:0.000000s ]
INFO: [ view_filter ] --END-- [ RunTime:0.000000s ]
INFO: [ app_end ] --START--
INFO: Run Behavior\ShowPageTraceBehavior [ RunTime:0.000000s ]
INFO: [ app_end ] --END-- [ RunTime:0.000000s ]

[ 2016-01-08T09:32:47+08:00 ] 127.0.0.1 /admin/system/getproductonlineList?_dc=1452216767677
INFO: [ app_init ] --START--
INFO: Run Behavior\BuildLiteBehavior [ RunTime:0.000000s ]
INFO: [ app_init ] --END-- [ RunTime:0.001000s ]
INFO: [ app_begin ] --START--
INFO: Run Behavior\ReadHtmlCacheBehavior [ RunTime:0.000000s ]
INFO: [ app_begin ] --END-- [ RunTime:0.000000s ]
ERR: 非法操作:getproductonlineList

[ 2016-01-08T09:32:58+08:00 ] 127.0.0.1 /admin/user/getUserList?_dc=1452216777700
INFO: [ app_init ] --START--
INFO: Run Behavior\BuildLiteBehavior [ RunTime:0.000000s ]
INFO: [ app_init ] --END-- [ RunTime:0.001000s ]
INFO: [ app_begin ] --START--
INFO: Run Behavior\ReadHtmlCacheBehavior [ RunTime:0.000000s ]
INFO: [ app_begin ] --END-- [ RunTime:0.000000s ]
SQL: SHOW COLUMNS FROM `zb_user` [ RunTime:0.0650s ]
NOTIC: [8] Undefined variable: where D:\WEB\192.168.1.126\zbcode\Application\Admin\Controller\UserController.class.php 第 74 行.
SQL: SHOW COLUMNS FROM `zb_user` [ RunTime:0.0600s ]
NOTIC: [8] Undefined variable: where D:\WEB\192.168.1.126\zbcode\Application\Admin\Controller\UserController.class.php 第 84 行.
SQL: SHOW COLUMNS FROM `zb_user` [ RunTime:0.0360s ]
SQL: SELECT COUNT(*) AS tp_count FROM zb_user as user INNER JOIN zb_department ON user.department_id = zb_department.id INNER JOIN zb_position ON user.position_id = zb_position.id  LIMIT 1   [ RunTime:0.0260s ]
SQL: SELECT sub.*,position.name as leader_position_name,dp.name as firstdepartmentname FROM ( SELECT user.*,zb_department.name as subdepartmentname,zb_department.pid as department_pid,zb_position.pid as leader_position_id,zb_position.name as position_name,og.organization_name FROM zb_user as user INNER JOIN zb_department ON user.department_id = zb_department.id INNER JOIN zb_position ON user.position_id = zb_position.id INNER JOIN zb_organization as og ON og.organization_id = user.organization_id  ORDER BY add_time desc LIMIT 0,25   ) as sub LEFT JOIN zb_position as position ON sub.leader_position_id = position.id LEFT JOIN zb_department as dp ON dp.id = sub.department_pid   [ RunTime:0.0390s ]

[ 2016-01-08T09:33:08+08:00 ] 127.0.0.1 /Admin/user/getUserRoleList?_dc=1452216788225
INFO: [ app_init ] --START--
INFO: Run Behavior\BuildLiteBehavior [ RunTime:0.000000s ]
INFO: [ app_init ] --END-- [ RunTime:0.001000s ]
INFO: [ app_begin ] --START--
INFO: Run Behavior\ReadHtmlCacheBehavior [ RunTime:0.001000s ]
INFO: [ app_begin ] --END-- [ RunTime:0.001000s ]
SQL: SHOW COLUMNS FROM `zb_auth_access` [ RunTime:0.0310s ]
SQL: SHOW COLUMNS FROM `zb_auth_access` [ RunTime:0.0520s ]
SQL: SELECT * FROM zb_auth_access as a INNER JOIN zb_auth_role as r ON a.role_id = r.id  WHERE ( uid = 1 )  [ RunTime:0.0330s ]

[ 2016-01-08T09:33:18+08:00 ] 127.0.0.1 /admin/system/getRoleList?_dc=1452216798329
INFO: [ app_init ] --START--
INFO: Run Behavior\BuildLiteBehavior [ RunTime:0.000000s ]
INFO: [ app_init ] --END-- [ RunTime:0.000000s ]
INFO: [ app_begin ] --START--
INFO: Run Behavior\ReadHtmlCacheBehavior [ RunTime:0.001000s ]
INFO: [ app_begin ] --END-- [ RunTime:0.001000s ]
SQL: SHOW COLUMNS FROM `zb_auth_role` [ RunTime:0.0430s ]
SQL: SELECT COUNT(*) AS tp_count FROM `zb_auth_role` LIMIT 1   [ RunTime:0.0380s ]
SQL: SELECT `id`,`title`,`remark`,`status`,`sort`,`update_time` FROM `zb_auth_role` ORDER BY id desc LIMIT 0,25   [ RunTime:0.0390s ]

[ 2016-01-08T09:33:34+08:00 ] 127.0.0.1 /admin/system/saveRole
INFO: [ app_init ] --START--
INFO: Run Behavior\BuildLiteBehavior [ RunTime:0.000000s ]
INFO: [ app_init ] --END-- [ RunTime:0.000000s ]
INFO: [ app_begin ] --START--
INFO: Run Behavior\ReadHtmlCacheBehavior [ RunTime:0.001000s ]
INFO: [ app_begin ] --END-- [ RunTime:0.001000s ]
SQL: SHOW COLUMNS FROM `zb_auth_role` [ RunTime:0.0150s ]
NOTIC: [8] Undefined index: validate D:\WEB\192.168.1.126\zbcode\Framework\Library\Think\Model.class.php 第 1185 行.
NOTIC: [8] Undefined index: auto D:\WEB\192.168.1.126\zbcode\Framework\Library\Think\Model.class.php 第 1128 行.
NOTIC: [2] date() expects parameter 2 to be long, string given D:\WEB\192.168.1.126\zbcode\Framework\Library\Think\Model.class.php 第 1154 行.
SQL: INSERT INTO `zb_auth_role` (`title`,`remark`,`status`,`update_time`) VALUES ('wq','e','1','2016-01-08 09:33:34') [ RunTime:0.0250s ]
SQL: SELECT * FROM `zb_auth_role` WHERE ( status = 1 )  [ RunTime:0.0050s ]

[ 2016-01-08T09:33:34+08:00 ] 127.0.0.1 /admin/system/getRoleList?_dc=1452216814472
INFO: [ app_init ] --START--
INFO: Run Behavior\BuildLiteBehavior [ RunTime:0.000000s ]
INFO: [ app_init ] --END-- [ RunTime:0.000000s ]
INFO: [ app_begin ] --START--
INFO: Run Behavior\ReadHtmlCacheBehavior [ RunTime:0.001000s ]
INFO: [ app_begin ] --END-- [ RunTime:0.001000s ]
SQL: SHOW COLUMNS FROM `zb_auth_role` [ RunTime:0.0110s ]
SQL: SELECT COUNT(*) AS tp_count FROM `zb_auth_role` LIMIT 1   [ RunTime:0.0020s ]
SQL: SELECT `id`,`title`,`remark`,`status`,`sort`,`update_time` FROM `zb_auth_role` ORDER BY id desc LIMIT 0,25   [ RunTime:0.0030s ]

[ 2016-01-08T09:34:48+08:00 ] 127.0.0.1 /admin/system/saveRole
INFO: [ app_init ] --START--
INFO: Run Behavior\BuildLiteBehavior [ RunTime:0.000000s ]
INFO: [ app_init ] --END-- [ RunTime:0.000000s ]
INFO: [ app_begin ] --START--
INFO: Run Behavior\ReadHtmlCacheBehavior [ RunTime:0.000000s ]
INFO: [ app_begin ] --END-- [ RunTime:0.000000s ]
SQL: SHOW COLUMNS FROM `zb_auth_role` [ RunTime:0.0110s ]
NOTIC: [8] Undefined index: validate D:\WEB\192.168.1.126\zbcode\Framework\Library\Think\Model.class.php 第 1185 行.

[ 2016-01-08T09:34:55+08:00 ] 127.0.0.1 /admin/system/saveRole
INFO: [ app_init ] --START--
INFO: Run Behavior\BuildLiteBehavior [ RunTime:0.000000s ]
INFO: [ app_init ] --END-- [ RunTime:0.001000s ]
INFO: [ app_begin ] --START--
INFO: Run Behavior\ReadHtmlCacheBehavior [ RunTime:0.000000s ]
INFO: [ app_begin ] --END-- [ RunTime:0.000000s ]
SQL: SHOW COLUMNS FROM `zb_auth_role` [ RunTime:0.0090s ]
NOTIC: [8] Undefined index: validate D:\WEB\192.168.1.126\zbcode\Framework\Library\Think\Model.class.php 第 1185 行.
NOTIC: [8] Undefined index: auto D:\WEB\192.168.1.126\zbcode\Framework\Library\Think\Model.class.php 第 1128 行.
NOTIC: [2] date() expects parameter 2 to be long, string given D:\WEB\192.168.1.126\zbcode\Framework\Library\Think\Model.class.php 第 1154 行.
SQL: INSERT INTO `zb_auth_role` (`title`,`remark`,`status`,`update_time`) VALUES ('dddddddddddddddddddddddddddddddddddddddddd','','1','2016-01-08 09:34:55') [ RunTime:0.0030s ]
SQL: SELECT * FROM `zb_auth_role` WHERE ( status = 1 )  [ RunTime:0.0030s ]

[ 2016-01-08T09:34:55+08:00 ] 127.0.0.1 /admin/system/getRoleList?_dc=1452216895401
INFO: [ app_init ] --START--
INFO: Run Behavior\BuildLiteBehavior [ RunTime:0.000000s ]
INFO: [ app_init ] --END-- [ RunTime:0.000000s ]
INFO: [ app_begin ] --START--
INFO: Run Behavior\ReadHtmlCacheBehavior [ RunTime:0.001000s ]
INFO: [ app_begin ] --END-- [ RunTime:0.001000s ]
SQL: SHOW COLUMNS FROM `zb_auth_role` [ RunTime:0.0110s ]
SQL: SELECT COUNT(*) AS tp_count FROM `zb_auth_role` LIMIT 1   [ RunTime:0.0010s ]
SQL: SELECT `id`,`title`,`remark`,`status`,`sort`,`update_time` FROM `zb_auth_role` ORDER BY id desc LIMIT 0,25   [ RunTime:0.0030s ]

[ 2016-01-08T17:32:04+08:00 ] 127.0.0.1 /admin
INFO: [ app_init ] --START--
INFO: Run Behavior\BuildLiteBehavior [ RunTime:0.000000s ]
INFO: [ app_init ] --END-- [ RunTime:0.001000s ]
INFO: [ app_begin ] --START--
INFO: Run Behavior\ReadHtmlCacheBehavior [ RunTime:0.000000s ]
INFO: [ app_begin ] --END-- [ RunTime:0.000000s ]
INFO: [ view_parse ] --START--
INFO: [ template_filter ] --START--
INFO: Run Behavior\ContentReplaceBehavior [ RunTime:0.000000s ]
INFO: [ template_filter ] --END-- [ RunTime:0.000000s ]
INFO: Run Behavior\ParseTemplateBehavior [ RunTime:0.056004s ]
INFO: [ view_parse ] --END-- [ RunTime:0.056004s ]
INFO: [ view_filter ] --START--
INFO: Run Behavior\WriteHtmlCacheBehavior [ RunTime:0.001000s ]
INFO: [ view_filter ] --END-- [ RunTime:0.001000s ]
INFO: [ app_end ] --START--
INFO: Run Behavior\ShowPageTraceBehavior [ RunTime:0.002000s ]
INFO: [ app_end ] --END-- [ RunTime:0.002000s ]

[ 2016-01-08T17:32:11+08:00 ] 127.0.0.1 /admin/user/getUserList?_dc=1452245531274
INFO: [ app_init ] --START--
INFO: Run Behavior\BuildLiteBehavior [ RunTime:0.000000s ]
INFO: [ app_init ] --END-- [ RunTime:0.000000s ]
INFO: [ app_begin ] --START--
INFO: Run Behavior\ReadHtmlCacheBehavior [ RunTime:0.000000s ]
INFO: [ app_begin ] --END-- [ RunTime:0.000000s ]
SQL: SHOW COLUMNS FROM `zb_user` [ RunTime:0.0150s ]
NOTIC: [8] Undefined variable: where D:\WEB\192.168.1.126\zbcode\Application\Admin\Controller\UserController.class.php 第 70 行.
SQL: SHOW COLUMNS FROM `zb_user` [ RunTime:0.0150s ]
NOTIC: [8] Undefined variable: where D:\WEB\192.168.1.126\zbcode\Application\Admin\Controller\UserController.class.php 第 80 行.
SQL: SHOW COLUMNS FROM `zb_user` [ RunTime:0.0210s ]
SQL: SELECT COUNT(*) AS tp_count FROM zb_user as user INNER JOIN zb_department ON user.department_id = zb_department.id INNER JOIN zb_position ON user.position_id = zb_position.id  LIMIT 1   [ RunTime:0.0060s ]
SQL: SELECT sub.*,position.name as leader_position_name,dp.name as firstdepartmentname FROM ( SELECT user.*,zb_department.name as subdepartmentname,zb_department.pid as department_pid,zb_position.pid as leader_position_id,zb_position.name as position_name,og.organization_name FROM zb_user as user INNER JOIN zb_department ON user.department_id = zb_department.id INNER JOIN zb_position ON user.position_id = zb_position.id INNER JOIN zb_organization as og ON og.organization_id = user.organization_id  ORDER BY add_time desc LIMIT 0,25   ) as sub LEFT JOIN zb_position as position ON sub.leader_position_id = position.id LEFT JOIN zb_department as dp ON dp.id = sub.department_pid   [ RunTime:0.0520s ]

[ 2016-01-08T17:32:14+08:00 ] 127.0.0.1 /admin/system/getNodeList?_dc=1452245534034
INFO: [ app_init ] --START--
INFO: Run Behavior\BuildLiteBehavior [ RunTime:0.000000s ]
INFO: [ app_init ] --END-- [ RunTime:0.000000s ]
INFO: [ app_begin ] --START--
INFO: Run Behavior\ReadHtmlCacheBehavior [ RunTime:0.001000s ]
INFO: [ app_begin ] --END-- [ RunTime:0.001000s ]
SQL: SHOW COLUMNS FROM `zb_auth_node` [ RunTime:0.0110s ]
SQL: SELECT COUNT(*) AS tp_count FROM `zb_auth_node` WHERE (  status <> 3 ) LIMIT 1   [ RunTime:0.0020s ]
SQL: SELECT `id`,`pid`,`name`,`module`,`iconCls`,`group`,`type`,`sort`,`status`,`update_time` FROM `zb_auth_node` WHERE (  status <> 3 ) ORDER BY id desc LIMIT 0,25   [ RunTime:0.0080s ]

[ 2016-01-08T17:32:27+08:00 ] 127.0.0.1 /admin/system/getNodeList?_dc=1452245547809
INFO: [ app_init ] --START--
INFO: Run Behavior\BuildLiteBehavior [ RunTime:0.000000s ]
INFO: [ app_init ] --END-- [ RunTime:0.000000s ]
INFO: [ app_begin ] --START--
INFO: Run Behavior\ReadHtmlCacheBehavior [ RunTime:0.001000s ]
INFO: [ app_begin ] --END-- [ RunTime:0.001000s ]
SQL: SHOW COLUMNS FROM `zb_auth_node` [ RunTime:0.0110s ]
SQL: SELECT COUNT(*) AS tp_count FROM `zb_auth_node` WHERE (  status <> 3 ) LIMIT 1   [ RunTime:0.0020s ]
SQL: SELECT `id`,`pid`,`name`,`module`,`iconCls`,`group`,`type`,`sort`,`status`,`update_time` FROM `zb_auth_node` WHERE (  status <> 3 ) ORDER BY id desc LIMIT 0,25   [ RunTime:0.0020s ]

[ 2016-01-08T17:32:30+08:00 ] 127.0.0.1 /admin/system/getNodeInfo
INFO: [ app_init ] --START--
INFO: Run Behavior\BuildLiteBehavior [ RunTime:0.000000s ]
INFO: [ app_init ] --END-- [ RunTime:0.000000s ]
INFO: [ app_begin ] --START--
INFO: Run Behavior\ReadHtmlCacheBehavior [ RunTime:0.001000s ]
INFO: [ app_begin ] --END-- [ RunTime:0.001000s ]
SQL: SHOW COLUMNS FROM `zb_auth_node` [ RunTime:0.0110s ]
SQL: SELECT * FROM `zb_auth_node` WHERE `id` = 111 LIMIT 1   [ RunTime:0.0030s ]

