[ 2016-03-16T08:40:56+08:00 ] 127.0.0.1 /Admin/Message/getUserMessageList
INFO: [ app_init ] --START--
INFO: Run Behavior\BuildLiteBehavior [ RunTime:0.001000s ]
INFO: [ app_init ] --END-- [ RunTime:0.002000s ]
INFO: [ app_begin ] --START--
INFO: Run Behavior\ReadHtmlCacheBehavior [ RunTime:0.001000s ]
INFO: [ app_begin ] --END-- [ RunTime:0.001000s ]
ERR: SQLSTATE[HY000] [2002] ÓÉÓÚÄ¿±ê¼ÆËã»ú»ý¼«¾Ü¾ø£¬ÎÞ·¨Á¬½Ó¡£


[ 2016-03-16T08:42:56+08:00 ] 127.0.0.1 /Admin/Message/getUserMessageList
INFO: [ app_init ] --START--
INFO: Run Behavior\BuildLiteBehavior [ RunTime:0.000000s ]
INFO: [ app_init ] --END-- [ RunTime:0.001000s ]
INFO: [ app_begin ] --START--
INFO: Run Behavior\ReadHtmlCacheBehavior [ RunTime:0.001000s ]
INFO: [ app_begin ] --END-- [ RunTime:0.001000s ]
ERR: SQLSTATE[HY000] [2002] ÓÉÓÚÄ¿±ê¼ÆËã»ú»ý¼«¾Ü¾ø£¬ÎÞ·¨Á¬½Ó¡£


[ 2016-03-16T08:44:56+08:00 ] 127.0.0.1 /Admin/Message/getUserMessageList
INFO: [ app_init ] --START--
INFO: Run Behavior\BuildLiteBehavior [ RunTime:0.000000s ]
INFO: [ app_init ] --END-- [ RunTime:0.001000s ]
INFO: [ app_begin ] --START--
INFO: Run Behavior\ReadHtmlCacheBehavior [ RunTime:0.001000s ]
INFO: [ app_begin ] --END-- [ RunTime:0.001000s ]
ERR: SQLSTATE[HY000] [2002] ÓÉÓÚÄ¿±ê¼ÆËã»ú»ý¼«¾Ü¾ø£¬ÎÞ·¨Á¬½Ó¡£


[ 2016-03-16T08:46:56+08:00 ] 127.0.0.1 /Admin/Message/getUserMessageList
INFO: [ app_init ] --START--
INFO: Run Behavior\BuildLiteBehavior [ RunTime:0.000000s ]
INFO: [ app_init ] --END-- [ RunTime:0.001000s ]
INFO: [ app_begin ] --START--
INFO: Run Behavior\ReadHtmlCacheBehavior [ RunTime:0.001000s ]
INFO: [ app_begin ] --END-- [ RunTime:0.001000s ]
ERR: SQLSTATE[HY000] [2002] ÓÉÓÚÄ¿±ê¼ÆËã»ú»ý¼«¾Ü¾ø£¬ÎÞ·¨Á¬½Ó¡£


[ 2016-03-16T08:48:56+08:00 ] 127.0.0.1 /Admin/Message/getUserMessageList
INFO: [ app_init ] --START--
INFO: Run Behavior\BuildLiteBehavior [ RunTime:0.000000s ]
INFO: [ app_init ] --END-- [ RunTime:0.001000s ]
INFO: [ app_begin ] --START--
INFO: Run Behavior\ReadHtmlCacheBehavior [ RunTime:0.001000s ]
INFO: [ app_begin ] --END-- [ RunTime:0.002000s ]
ERR: SQLSTATE[HY000] [2002] ÓÉÓÚÄ¿±ê¼ÆËã»ú»ý¼«¾Ü¾ø£¬ÎÞ·¨Á¬½Ó¡£


[ 2016-03-16T08:48:57+08:00 ] 127.0.0.1 /Admin/Message/getPublicMessageList
INFO: [ app_init ] --START--
INFO: Run Behavior\BuildLiteBehavior [ RunTime:0.000000s ]
INFO: [ app_init ] --END-- [ RunTime:0.005000s ]
INFO: [ app_begin ] --START--
INFO: Run Behavior\ReadHtmlCacheBehavior [ RunTime:0.001000s ]
INFO: [ app_begin ] --END-- [ RunTime:0.001000s ]
ERR: SQLSTATE[HY000] [2002] ÓÉÓÚÄ¿±ê¼ÆËã»ú»ý¼«¾Ü¾ø£¬ÎÞ·¨Á¬½Ó¡£


[ 2016-03-16T08:50:57+08:00 ] 127.0.0.1 /Admin/Message/getUserMessageList
INFO: [ app_init ] --START--
INFO: Run Behavior\BuildLiteBehavior [ RunTime:0.000000s ]
INFO: [ app_init ] --END-- [ RunTime:0.001000s ]
INFO: [ app_begin ] --START--
INFO: Run Behavior\ReadHtmlCacheBehavior [ RunTime:0.002000s ]
INFO: [ app_begin ] --END-- [ RunTime:0.002000s ]
ERR: SQLSTATE[HY000] [2002] ÓÉÓÚÄ¿±ê¼ÆËã»ú»ý¼«¾Ü¾ø£¬ÎÞ·¨Á¬½Ó¡£


[ 2016-03-16T08:52:57+08:00 ] 127.0.0.1 /Admin/Message/getUserMessageList
INFO: [ app_init ] --START--
INFO: Run Behavior\BuildLiteBehavior [ RunTime:0.000000s ]
INFO: [ app_init ] --END-- [ RunTime:0.001001s ]
INFO: [ app_begin ] --START--
INFO: Run Behavior\ReadHtmlCacheBehavior [ RunTime:0.000000s ]
INFO: [ app_begin ] --END-- [ RunTime:0.001000s ]
ERR: SQLSTATE[HY000] [2002] ÓÉÓÚÄ¿±ê¼ÆËã»ú»ý¼«¾Ü¾ø£¬ÎÞ·¨Á¬½Ó¡£


[ 2016-03-16T08:54:57+08:00 ] 127.0.0.1 /Admin/Message/getUserMessageList
INFO: [ app_init ] --START--
INFO: Run Behavior\BuildLiteBehavior [ RunTime:0.000000s ]
INFO: [ app_init ] --END-- [ RunTime:0.001000s ]
INFO: [ app_begin ] --START--
INFO: Run Behavior\ReadHtmlCacheBehavior [ RunTime:0.000000s ]
INFO: [ app_begin ] --END-- [ RunTime:0.000000s ]
ERR: SQLSTATE[HY000] [2002] ÓÉÓÚÄ¿±ê¼ÆËã»ú»ý¼«¾Ü¾ø£¬ÎÞ·¨Á¬½Ó¡£


[ 2016-03-16T10:07:44+08:00 ] 127.0.0.1 /favicon.ico
INFO: [ app_init ] --START--
INFO: Run Behavior\BuildLiteBehavior [ RunTime:0.000000s ]
INFO: [ app_init ] --END-- [ RunTime:0.001000s ]

[ 2016-03-16T10:15:24+08:00 ] 127.0.0.1 /admin/common/login.html
INFO: [ app_init ] --START--
INFO: Run Behavior\BuildLiteBehavior [ RunTime:0.000000s ]
INFO: [ app_init ] --END-- [ RunTime:0.001001s ]
INFO: [ app_begin ] --START--
INFO: Run Behavior\ReadHtmlCacheBehavior [ RunTime:0.001000s ]
INFO: [ app_begin ] --END-- [ RunTime:0.001000s ]
INFO: [ view_parse ] --START--
INFO: [ template_filter ] --START--
INFO: Run Behavior\ContentReplaceBehavior [ RunTime:0.000000s ]
INFO: [ template_filter ] --END-- [ RunTime:0.000000s ]
INFO: Run Behavior\ParseTemplateBehavior [ RunTime:0.019001s ]
INFO: [ view_parse ] --END-- [ RunTime:0.019001s ]
INFO: [ view_filter ] --START--
INFO: Run Behavior\WriteHtmlCacheBehavior [ RunTime:0.001000s ]
INFO: [ view_filter ] --END-- [ RunTime:0.001000s ]
INFO: [ app_end ] --START--
INFO: Run Behavior\ShowPageTraceBehavior [ RunTime:0.001000s ]
INFO: [ app_end ] --END-- [ RunTime:0.002000s ]

[ 2016-03-16T10:15:30+08:00 ] 127.0.0.1 /admin/common/login.html
INFO: [ app_init ] --START--
INFO: Run Behavior\BuildLiteBehavior [ RunTime:0.000000s ]
INFO: [ app_init ] --END-- [ RunTime:0.000000s ]
INFO: [ app_begin ] --START--
INFO: Run Behavior\ReadHtmlCacheBehavior [ RunTime:0.001001s ]
INFO: [ app_begin ] --END-- [ RunTime:0.001001s ]
SQL: SHOW COLUMNS FROM `zb_user` [ RunTime:0.0100s ]
SQL: SELECT * FROM `zb_user` WHERE ( email = 'zb@zb.com' and password = 'e10adc3949ba59abbe56e057f20f883e' and status = 1 ) LIMIT 1   [ RunTime:0.0060s ]
SQL: SELECT * FROM `zb_user` WHERE `email` = 'zb@zb.com' LIMIT 1   [ RunTime:0.0040s ]

[ 2016-03-16T10:15:30+08:00 ] 127.0.0.1 /index/index.html
INFO: [ app_init ] --START--
INFO: Run Behavior\BuildLiteBehavior [ RunTime:0.000000s ]
INFO: [ app_init ] --END-- [ RunTime:0.001000s ]
INFO: [ app_begin ] --START--
INFO: Run Behavior\ReadHtmlCacheBehavior [ RunTime:0.001000s ]
INFO: [ app_begin ] --END-- [ RunTime:0.001000s ]
INFO: [ view_parse ] --START--
INFO: [ template_filter ] --START--
INFO: Run Behavior\ContentReplaceBehavior [ RunTime:0.000000s ]
INFO: [ template_filter ] --END-- [ RunTime:0.001000s ]
INFO: Run Behavior\ParseTemplateBehavior [ RunTime:0.043003s ]
INFO: [ view_parse ] --END-- [ RunTime:0.043003s ]
INFO: [ view_filter ] --START--
INFO: Run Behavior\WriteHtmlCacheBehavior [ RunTime:0.000000s ]
INFO: [ view_filter ] --END-- [ RunTime:0.001000s ]
INFO: [ app_end ] --START--
INFO: Run Behavior\ShowPageTraceBehavior [ RunTime:0.001000s ]
INFO: [ app_end ] --END-- [ RunTime:0.001000s ]

[ 2016-03-16T10:15:33+08:00 ] 127.0.0.1 /Admin/Message/getUserMessageList
INFO: [ app_init ] --START--
INFO: Run Behavior\BuildLiteBehavior [ RunTime:0.000000s ]
INFO: [ app_init ] --END-- [ RunTime:0.001000s ]
INFO: [ app_begin ] --START--
INFO: Run Behavior\ReadHtmlCacheBehavior [ RunTime:0.001000s ]
INFO: [ app_begin ] --END-- [ RunTime:0.002000s ]
SQL: SHOW COLUMNS FROM `zb_user_message` [ RunTime:0.0150s ]
NOTIC: [8] Undefined index: status D:\WEB\192.168.1.126\zbcode\Application\Admin\Model\UserMessageModel.class.php ç¬¬ 35 è¡Œ.
NOTIC: [8] Undefined index: add_time D:\WEB\192.168.1.126\zbcode\Application\Admin\Model\UserMessageModel.class.php ç¬¬ 38 è¡Œ.
SQL: SELECT COUNT(*) AS tp_count FROM `zb_user_message` WHERE `uid` = 1 AND `is_view` = 1 LIMIT 1   [ RunTime:0.0060s ]
SQL: SELECT * FROM `zb_user_message` WHERE `uid` = 1 AND `is_view` = 1 ORDER BY add_time desc LIMIT 0,5   [ RunTime:0.0060s ]

[ 2016-03-16T10:15:33+08:00 ] 127.0.0.1 /Admin/Message/getPublicMessageList
INFO: [ app_init ] --START--
INFO: Run Behavior\BuildLiteBehavior [ RunTime:0.001000s ]
INFO: [ app_init ] --END-- [ RunTime:0.001000s ]
INFO: [ app_begin ] --START--
INFO: Run Behavior\ReadHtmlCacheBehavior [ RunTime:0.000000s ]
INFO: [ app_begin ] --END-- [ RunTime:0.002000s ]
SQL: SHOW COLUMNS FROM `zb_user_message` [ RunTime:0.0080s ]
SQL: SHOW COLUMNS FROM `zb_public_message` [ RunTime:0.0170s ]
NOTIC: [8] Undefined index: add_time D:\WEB\192.168.1.126\zbcode\Application\Admin\Model\UserMessageModel.class.php ç¬¬ 92 è¡Œ.
SQL: SHOW COLUMNS FROM `zb_public_message` [ RunTime:0.0200s ]
SQL: SELECT COUNT(*) AS tp_count FROM zb_public_message as a left JOIN zb_public_message_log as b on a.id = b.message_id and b.uid = 1  WHERE (  a.status = 1 ) LIMIT 1   [ RunTime:0.0080s ]
SQL: SHOW COLUMNS FROM `zb_public_message` [ RunTime:0.0170s ]
SQL: SELECT a.*,IF(ISNULL(b.id),0,1) as is_view FROM zb_public_message as a left JOIN zb_public_message_log as b on a.id = b.message_id and b.uid = 1  WHERE (  a.status = 1 ) ORDER BY a.add_time desc LIMIT 0,2   [ RunTime:0.0210s ]

[ 2016-03-16T10:15:33+08:00 ] 127.0.0.1 /Admin/Access/getUserNodeList?_dc=1458094533210&page=1&start=0&limit=25
INFO: [ app_init ] --START--
INFO: Run Behavior\BuildLiteBehavior [ RunTime:0.000000s ]
INFO: [ app_init ] --END-- [ RunTime:0.003000s ]
INFO: [ app_begin ] --START--
INFO: Run Behavior\ReadHtmlCacheBehavior [ RunTime:0.002000s ]
INFO: [ app_begin ] --END-- [ RunTime:0.002000s ]
SQL: SHOW COLUMNS FROM `zb_user` [ RunTime:0.0230s ]
SQL: SHOW COLUMNS FROM `zb_auth_access` [ RunTime:0.0100s ]
SQL: SELECT aa.role_id FROM zb_auth_access as aa left JOIN zb_auth_role as ar ON aa.role_id = ar.id  WHERE aa.uid = 1 AND ar.status = 1  [ RunTime:0.0040s ]
SQL: SHOW COLUMNS FROM `zb_auth_role_node` [ RunTime:0.0140s ]
SQL: SHOW COLUMNS FROM `zb_auth_role_node` [ RunTime:0.0160s ]
SQL: SELECT DISTINCT r.node_id,n.name,n.pid,n.module,n.iconCls,n.group,n.url FROM zb_auth_role_node as r INNER JOIN zb_auth_node as n on n.id = r.node_id  WHERE r.role_id IN ('69') AND n.type = 1 AND n.status = 1 ORDER BY n.sort asc, n.id desc  [ RunTime:0.0120s ]
NOTIC: [8] Undefined index: id D:\WEB\192.168.1.126\zbcode\Application\Common\Common\function.php ç¬¬ 122 è¡Œ.
NOTIC: [8] Undefined index: id D:\WEB\192.168.1.126\zbcode\Application\Common\Common\function.php ç¬¬ 122 è¡Œ.
NOTIC: [8] Undefined index: id D:\WEB\192.168.1.126\zbcode\Application\Common\Common\function.php ç¬¬ 122 è¡Œ.
NOTIC: [8] Undefined index: id D:\WEB\192.168.1.126\zbcode\Application\Common\Common\function.php ç¬¬ 122 è¡Œ.
NOTIC: [8] Undefined index: id D:\WEB\192.168.1.126\zbcode\Application\Common\Common\function.php ç¬¬ 122 è¡Œ.
NOTIC: [8] Undefined index: id D:\WEB\192.168.1.126\zbcode\Application\Common\Common\function.php ç¬¬ 122 è¡Œ.
NOTIC: [8] Undefined index: id D:\WEB\192.168.1.126\zbcode\Application\Common\Common\function.php ç¬¬ 122 è¡Œ.
NOTIC: [8] Undefined index: id D:\WEB\192.168.1.126\zbcode\Application\Common\Common\function.php ç¬¬ 122 è¡Œ.
NOTIC: [8] Undefined index: id D:\WEB\192.168.1.126\zbcode\Application\Common\Common\function.php ç¬¬ 122 è¡Œ.
NOTIC: [8] Undefined index: id D:\WEB\192.168.1.126\zbcode\Application\Common\Common\function.php ç¬¬ 122 è¡Œ.
NOTIC: [8] Undefined index: id D:\WEB\192.168.1.126\zbcode\Application\Common\Common\function.php ç¬¬ 122 è¡Œ.
NOTIC: [8] Undefined index: id D:\WEB\192.168.1.126\zbcode\Application\Common\Common\function.php ç¬¬ 122 è¡Œ.
NOTIC: [8] Undefined index: id D:\WEB\192.168.1.126\zbcode\Application\Common\Common\function.php ç¬¬ 122 è¡Œ.
NOTIC: [8] Undefined index: id D:\WEB\192.168.1.126\zbcode\Application\Common\Common\function.php ç¬¬ 122 è¡Œ.
NOTIC: [8] Undefined index: id D:\WEB\192.168.1.126\zbcode\Application\Common\Common\function.php ç¬¬ 122 è¡Œ.
NOTIC: [8] Undefined index: id D:\WEB\192.168.1.126\zbcode\Application\Common\Common\function.php ç¬¬ 122 è¡Œ.
NOTIC: [8] Undefined index: id D:\WEB\192.168.1.126\zbcode\Application\Common\Common\function.php ç¬¬ 122 è¡Œ.
NOTIC: [8] Undefined index: id D:\WEB\192.168.1.126\zbcode\Application\Common\Common\function.php ç¬¬ 122 è¡Œ.
NOTIC: [8] Undefined index: id D:\WEB\192.168.1.126\zbcode\Application\Common\Common\function.php ç¬¬ 122 è¡Œ.
NOTIC: [8] Undefined index: id D:\WEB\192.168.1.126\zbcode\Application\Common\Common\function.php ç¬¬ 122 è¡Œ.
NOTIC: [8] Undefined index: id D:\WEB\192.168.1.126\zbcode\Application\Common\Common\function.php ç¬¬ 122 è¡Œ.
NOTIC: [8] Undefined index: id D:\WEB\192.168.1.126\zbcode\Application\Common\Common\function.php ç¬¬ 122 è¡Œ.
NOTIC: [8] Undefined index: id D:\WEB\192.168.1.126\zbcode\Application\Common\Common\function.php ç¬¬ 122 è¡Œ.
NOTIC: [8] Undefined index: id D:\WEB\192.168.1.126\zbcode\Application\Common\Common\function.php ç¬¬ 122 è¡Œ.
NOTIC: [8] Undefined index: id D:\WEB\192.168.1.126\zbcode\Application\Common\Common\function.php ç¬¬ 122 è¡Œ.
NOTIC: [8] Undefined index: id D:\WEB\192.168.1.126\zbcode\Application\Common\Common\function.php ç¬¬ 122 è¡Œ.
NOTIC: [8] Undefined index: id D:\WEB\192.168.1.126\zbcode\Application\Common\Common\function.php ç¬¬ 122 è¡Œ.
NOTIC: [8] Undefined index: id D:\WEB\192.168.1.126\zbcode\Application\Common\Common\function.php ç¬¬ 122 è¡Œ.

[ 2016-03-16T10:16:00+08:00 ] 127.0.0.1 /Public/UI/bower_components/moment-with-locales.js
INFO: [ app_init ] --START--
INFO: Run Behavior\BuildLiteBehavior [ RunTime:0.000000s ]
INFO: [ app_init ] --END-- [ RunTime:0.000000s ]
INFO: [ app_begin ] --START--
INFO: Run Behavior\ReadHtmlCacheBehavior [ RunTime:0.001000s ]
INFO: [ app_begin ] --END-- [ RunTime:0.001000s ]
ERR: æ— æ³•åŠ è½½æŽ§åˆ¶å™¨:Public

[ 2016-03-16T10:16:00+08:00 ] 127.0.0.1 /Public/UI/js/bootstrap/css/bootstrap_other.css
INFO: [ app_init ] --START--
INFO: Run Behavior\BuildLiteBehavior [ RunTime:0.000000s ]
INFO: [ app_init ] --END-- [ RunTime:0.001000s ]
INFO: [ app_begin ] --START--
INFO: Run Behavior\ReadHtmlCacheBehavior [ RunTime:0.001000s ]
INFO: [ app_begin ] --END-- [ RunTime:0.002000s ]
ERR: æ— æ³•åŠ è½½æŽ§åˆ¶å™¨:Public

[ 2016-03-16T10:16:00+08:00 ] 127.0.0.1 /Public/UI/js/angular/verificationRule.js
INFO: [ app_init ] --START--
INFO: Run Behavior\BuildLiteBehavior [ RunTime:0.000000s ]
INFO: [ app_init ] --END-- [ RunTime:0.002000s ]
INFO: [ app_begin ] --START--
INFO: Run Behavior\ReadHtmlCacheBehavior [ RunTime:0.002000s ]
INFO: [ app_begin ] --END-- [ RunTime:0.003000s ]
ERR: æ— æ³•åŠ è½½æŽ§åˆ¶å™¨:Public

[ 2016-03-16T10:16:00+08:00 ] 127.0.0.1 /Public/UI/js/angular/jquery-1.8.1.min.js
INFO: [ app_init ] --START--
INFO: Run Behavior\BuildLiteBehavior [ RunTime:0.000000s ]
INFO: [ app_init ] --END-- [ RunTime:0.001000s ]
INFO: [ app_begin ] --START--
INFO: Run Behavior\ReadHtmlCacheBehavior [ RunTime:0.002000s ]
INFO: [ app_begin ] --END-- [ RunTime:0.004000s ]
ERR: æ— æ³•åŠ è½½æŽ§åˆ¶å™¨:Public

[ 2016-03-16T10:16:00+08:00 ] 127.0.0.1 /Public/UI/js/angular/webuploader.js
INFO: [ app_init ] --START--
INFO: Run Behavior\BuildLiteBehavior [ RunTime:0.000000s ]
INFO: [ app_init ] --END-- [ RunTime:0.002000s ]
INFO: [ app_begin ] --START--
INFO: Run Behavior\ReadHtmlCacheBehavior [ RunTime:0.001000s ]
INFO: [ app_begin ] --END-- [ RunTime:0.001000s ]
ERR: æ— æ³•åŠ è½½æŽ§åˆ¶å™¨:Public

[ 2016-03-16T10:16:00+08:00 ] 127.0.0.1 /Public/UI/js/angular/alert.js
INFO: [ app_init ] --START--
INFO: Run Behavior\BuildLiteBehavior [ RunTime:0.000000s ]
INFO: [ app_init ] --END-- [ RunTime:0.002001s ]
INFO: [ app_begin ] --START--
INFO: Run Behavior\ReadHtmlCacheBehavior [ RunTime:0.001000s ]
INFO: [ app_begin ] --END-- [ RunTime:0.003000s ]
ERR: æ— æ³•åŠ è½½æŽ§åˆ¶å™¨:Public

[ 2016-03-16T10:16:00+08:00 ] 127.0.0.1 /Public/UI/bower_components/angular/angular-1.2.27.min.js
INFO: [ app_init ] --START--
INFO: Run Behavior\BuildLiteBehavior [ RunTime:0.001000s ]
INFO: [ app_init ] --END-- [ RunTime:0.002000s ]
INFO: [ app_begin ] --START--
INFO: Run Behavior\ReadHtmlCacheBehavior [ RunTime:0.002000s ]
INFO: [ app_begin ] --END-- [ RunTime:0.009001s ]
ERR: æ— æ³•åŠ è½½æŽ§åˆ¶å™¨:Public

[ 2016-03-16T10:16:00+08:00 ] 127.0.0.1 /Public/UI/css/common.css
INFO: [ app_init ] --START--
INFO: Run Behavior\BuildLiteBehavior [ RunTime:0.000000s ]
INFO: [ app_init ] --END-- [ RunTime:0.003000s ]
INFO: [ app_begin ] --START--
INFO: Run Behavior\ReadHtmlCacheBehavior [ RunTime:0.001000s ]
INFO: [ app_begin ] --END-- [ RunTime:0.001000s ]
ERR: æ— æ³•åŠ è½½æŽ§åˆ¶å™¨:Public

[ 2016-03-16T10:16:00+08:00 ] 127.0.0.1 /Public/UI/js/bootstrap/css/datetimepicker.css
INFO: [ app_init ] --START--
INFO: Run Behavior\BuildLiteBehavior [ RunTime:0.001000s ]
INFO: [ app_init ] --END-- [ RunTime:0.008000s ]
INFO: [ app_begin ] --START--
INFO: Run Behavior\ReadHtmlCacheBehavior [ RunTime:0.001000s ]
INFO: [ app_begin ] --END-- [ RunTime:0.001000s ]
ERR: æ— æ³•åŠ è½½æŽ§åˆ¶å™¨:Public

[ 2016-03-16T10:16:00+08:00 ] 127.0.0.1 /Public/UI/js/angular/app.js
INFO: [ app_init ] --START--
INFO: Run Behavior\BuildLiteBehavior [ RunTime:0.000000s ]
INFO: [ app_init ] --END-- [ RunTime:0.001000s ]
INFO: [ app_begin ] --START--
INFO: Run Behavior\ReadHtmlCacheBehavior [ RunTime:0.001000s ]
INFO: [ app_begin ] --END-- [ RunTime:0.001000s ]
ERR: æ— æ³•åŠ è½½æŽ§åˆ¶å™¨:Public

[ 2016-03-16T10:16:00+08:00 ] 127.0.0.1 /Public/UI/css/guest.css
INFO: [ app_init ] --START--
INFO: Run Behavior\BuildLiteBehavior [ RunTime:0.000000s ]
INFO: [ app_init ] --END-- [ RunTime:0.001000s ]
INFO: [ app_begin ] --START--
INFO: Run Behavior\ReadHtmlCacheBehavior [ RunTime:0.006001s ]
INFO: [ app_begin ] --END-- [ RunTime:0.006001s ]
ERR: æ— æ³•åŠ è½½æŽ§åˆ¶å™¨:Public

[ 2016-03-16T10:16:00+08:00 ] 127.0.0.1 /Public/UI/images/desktop/desk_new_01.png
INFO: [ app_init ] --START--
INFO: Run Behavior\BuildLiteBehavior [ RunTime:0.000000s ]
INFO: [ app_init ] --END-- [ RunTime:0.001000s ]

[ 2016-03-16T10:16:00+08:00 ] 127.0.0.1 /Public/UI/js/bootstrap/js/bootstrap-datetimepicker.min.js
INFO: [ app_init ] --START--
INFO: Run Behavior\BuildLiteBehavior [ RunTime:0.000000s ]
INFO: [ app_init ] --END-- [ RunTime:0.001001s ]
INFO: [ app_begin ] --START--
INFO: Run Behavior\ReadHtmlCacheBehavior [ RunTime:0.001000s ]
INFO: [ app_begin ] --END-- [ RunTime:0.002000s ]
ERR: æ— æ³•åŠ è½½æŽ§åˆ¶å™¨:Public

[ 2016-03-16T10:16:00+08:00 ] 127.0.0.1 /Public/UI/js/bootstrap/js/locales/bootstrap-datetimepicker.zh-CN.js
INFO: [ app_init ] --START--
INFO: Run Behavior\BuildLiteBehavior [ RunTime:0.000000s ]
INFO: [ app_init ] --END-- [ RunTime:0.007000s ]
INFO: [ app_begin ] --START--
INFO: Run Behavior\ReadHtmlCacheBehavior [ RunTime:0.001000s ]
INFO: [ app_begin ] --END-- [ RunTime:0.001000s ]
ERR: æ— æ³•åŠ è½½æŽ§åˆ¶å™¨:Public

[ 2016-03-16T10:16:00+08:00 ] 127.0.0.1 /Public/UI/images/desktop/desk_new_02.png
INFO: [ app_init ] --START--
INFO: Run Behavior\BuildLiteBehavior [ RunTime:0.000000s ]
INFO: [ app_init ] --END-- [ RunTime:0.001000s ]

[ 2016-03-16T10:16:00+08:00 ] 127.0.0.1 /Public/UI/images/desktop/desk_new_06.png
INFO: [ app_init ] --START--
INFO: Run Behavior\BuildLiteBehavior [ RunTime:0.000000s ]
INFO: [ app_init ] --END-- [ RunTime:0.001000s ]

[ 2016-03-16T10:16:00+08:00 ] 127.0.0.1 /Public/UI/images/desktop/desk_new_01.png
INFO: [ app_init ] --START--
INFO: Run Behavior\BuildLiteBehavior [ RunTime:0.000000s ]
INFO: [ app_init ] --END-- [ RunTime:0.005000s ]

[ 2016-03-16T10:16:00+08:00 ] 127.0.0.1 /Public/UI/images/desktop/desk_new_05.png
INFO: [ app_init ] --START--
INFO: Run Behavior\BuildLiteBehavior [ RunTime:0.001000s ]
INFO: [ app_init ] --END-- [ RunTime:0.002000s ]

[ 2016-03-16T10:16:00+08:00 ] 127.0.0.1 /Public/UI/images/desktop/desk_new_04.png
INFO: [ app_init ] --START--
INFO: Run Behavior\BuildLiteBehavior [ RunTime:0.000000s ]
INFO: [ app_init ] --END-- [ RunTime:0.001000s ]

[ 2016-03-16T10:16:00+08:00 ] 127.0.0.1 /Public/UI/images/desktop/desk_new_03.png
INFO: [ app_init ] --START--
INFO: Run Behavior\BuildLiteBehavior [ RunTime:0.000000s ]
INFO: [ app_init ] --END-- [ RunTime:0.001000s ]

[ 2016-03-16T10:20:56+08:00 ] 127.0.0.1 /favicon.ico
INFO: [ app_init ] --START--
INFO: Run Behavior\BuildLiteBehavior [ RunTime:0.000000s ]
INFO: [ app_init ] --END-- [ RunTime:0.002000s ]

[ 2016-03-16T10:43:40+08:00 ] 127.0.0.1 /favicon.ico
INFO: [ app_init ] --START--
INFO: Run Behavior\BuildLiteBehavior [ RunTime:0.000000s ]
INFO: [ app_init ] --END-- [ RunTime:0.000000s ]

