[ 2016-01-13T10:48:04+08:00 ] 127.0.0.1 /admin
INFO: [ app_init ] --START--
INFO: Run Behavior\BuildLiteBehavior [ RunTime:0.000000s ]
INFO: [ app_init ] --END-- [ RunTime:0.001000s ]
INFO: [ app_begin ] --START--
INFO: Run Behavior\ReadHtmlCacheBehavior [ RunTime:0.001000s ]
INFO: [ app_begin ] --END-- [ RunTime:0.001000s ]
INFO: [ view_parse ] --START--
INFO: [ template_filter ] --START--
INFO: Run Behavior\ContentReplaceBehavior [ RunTime:0.000000s ]
INFO: [ template_filter ] --END-- [ RunTime:0.000000s ]
INFO: Run Behavior\ParseTemplateBehavior [ RunTime:0.078005s ]
INFO: [ view_parse ] --END-- [ RunTime:0.078005s ]
INFO: [ view_filter ] --START--
INFO: Run Behavior\WriteHtmlCacheBehavior [ RunTime:0.001000s ]
INFO: [ view_filter ] --END-- [ RunTime:0.001000s ]
INFO: [ app_end ] --START--
INFO: Run Behavior\ShowPageTraceBehavior [ RunTime:0.000000s ]
INFO: [ app_end ] --END-- [ RunTime:0.000000s ]

[ 2016-01-13T10:48:06+08:00 ] 127.0.0.1 /Admin/Access/getUserNodeList?_dc=1452653286059&page=1&start=0&limit=25
INFO: [ app_init ] --START--
INFO: Run Behavior\BuildLiteBehavior [ RunTime:0.000000s ]
INFO: [ app_init ] --END-- [ RunTime:0.000000s ]
INFO: [ app_begin ] --START--
INFO: Run Behavior\ReadHtmlCacheBehavior [ RunTime:0.001000s ]
INFO: [ app_begin ] --END-- [ RunTime:0.001000s ]
SQL: SHOW COLUMNS FROM `zb_user` [ RunTime:0.0060s ]
SQL: SHOW COLUMNS FROM `zb_auth_access` [ RunTime:0.0050s ]
SQL: SELECT `role_id` FROM `zb_auth_access` WHERE ( uid = 1 )  [ RunTime:0.0770s ]
SQL: SHOW COLUMNS FROM `zb_auth_role_node` [ RunTime:0.0110s ]
SQL: SHOW COLUMNS FROM `zb_auth_role_node` [ RunTime:0.0100s ]
SQL: SELECT DISTINCT r.node_id,n.name,n.pid,n.module,n.iconCls,n.group,n.url FROM zb_auth_role_node as r INNER JOIN zb_auth_node as n on n.id = r.node_id  WHERE r.role_id IN ('69') ORDER BY n.sort asc, n.id desc  [ RunTime:0.1120s ]

[ 2016-01-13T10:48:09+08:00 ] 127.0.0.1 /admin/system/getRoleList?_dc=1452653289447
INFO: [ app_init ] --START--
INFO: Run Behavior\BuildLiteBehavior [ RunTime:0.000000s ]
INFO: [ app_init ] --END-- [ RunTime:0.001000s ]
INFO: [ app_begin ] --START--
INFO: Run Behavior\ReadHtmlCacheBehavior [ RunTime:0.001000s ]
INFO: [ app_begin ] --END-- [ RunTime:0.001000s ]
SQL: SHOW COLUMNS FROM `zb_auth_role` [ RunTime:0.0480s ]
SQL: SELECT COUNT(*) AS tp_count FROM `zb_auth_role` WHERE (  status <> 3 ) LIMIT 1   [ RunTime:0.0360s ]
SQL: SELECT `id`,`title`,`remark`,`status`,`sort`,`update_time` FROM `zb_auth_role` WHERE (  status <> 3 ) ORDER BY id desc LIMIT 0,25   [ RunTime:0.0130s ]

[ 2016-01-13T10:48:11+08:00 ] 127.0.0.1 /admin/system/getRolePermissionList?_dc=1452653291515
INFO: [ app_init ] --START--
INFO: Run Behavior\BuildLiteBehavior [ RunTime:0.001000s ]
INFO: [ app_init ] --END-- [ RunTime:0.001000s ]
INFO: [ app_begin ] --START--
INFO: Run Behavior\ReadHtmlCacheBehavior [ RunTime:0.000000s ]
INFO: [ app_begin ] --END-- [ RunTime:0.000000s ]
SQL: SHOW COLUMNS FROM `zb_user` [ RunTime:0.0090s ]
SQL: SHOW COLUMNS FROM `zb_auth_role_permission` [ RunTime:0.0080s ]
SQL: SHOW COLUMNS FROM `zb_auth_role_permission` [ RunTime:0.0080s ]
SQL: SELECT DISTINCT r.permission_id,n.permission_name,n.permission_code FROM zb_auth_role_permission as r INNER JOIN zb_auth_permission as n on n.permission_id = r.permission_id  WHERE r.role_id = '73'  [ RunTime:0.0050s ]

[ 2016-01-13T10:48:11+08:00 ] 127.0.0.1 /admin/system/getPermissionList?_dc=1452653291636
INFO: [ app_init ] --START--
INFO: Run Behavior\BuildLiteBehavior [ RunTime:0.000000s ]
INFO: [ app_init ] --END-- [ RunTime:0.000000s ]
INFO: [ app_begin ] --START--
INFO: Run Behavior\ReadHtmlCacheBehavior [ RunTime:0.001000s ]
INFO: [ app_begin ] --END-- [ RunTime:0.001000s ]
SQL: SHOW COLUMNS FROM `zb_auth_permission` [ RunTime:0.0090s ]
SQL: SELECT COUNT(*) AS tp_count FROM `zb_auth_permission` WHERE ( status = 1 ) LIMIT 1   [ RunTime:0.0040s ]
SQL: SELECT `permission_id`,`permission_name`,`permission_code` FROM `zb_auth_permission` WHERE ( status = 1 ) ORDER BY permission_id desc LIMIT 0,4   [ RunTime:0.0020s ]

[ 2016-01-13T10:48:14+08:00 ] 127.0.0.1 /admin/system/getRolePermissionList?_dc=1452653294727
INFO: [ app_init ] --START--
INFO: Run Behavior\BuildLiteBehavior [ RunTime:0.000000s ]
INFO: [ app_init ] --END-- [ RunTime:0.001000s ]
INFO: [ app_begin ] --START--
INFO: Run Behavior\ReadHtmlCacheBehavior [ RunTime:0.000000s ]
INFO: [ app_begin ] --END-- [ RunTime:0.000000s ]
SQL: SHOW COLUMNS FROM `zb_user` [ RunTime:0.0070s ]
SQL: SHOW COLUMNS FROM `zb_auth_role_permission` [ RunTime:0.0060s ]
SQL: SHOW COLUMNS FROM `zb_auth_role_permission` [ RunTime:0.0050s ]
SQL: SELECT DISTINCT r.permission_id,n.permission_name,n.permission_code FROM zb_auth_role_permission as r INNER JOIN zb_auth_permission as n on n.permission_id = r.permission_id  WHERE r.role_id = '73'  [ RunTime:0.0010s ]

[ 2016-01-13T10:48:14+08:00 ] 127.0.0.1 /admin/system/getPermissionList?_dc=1452653294739
INFO: [ app_init ] --START--
INFO: Run Behavior\BuildLiteBehavior [ RunTime:0.000000s ]
INFO: [ app_init ] --END-- [ RunTime:0.001000s ]
INFO: [ app_begin ] --START--
INFO: Run Behavior\ReadHtmlCacheBehavior [ RunTime:0.001000s ]
INFO: [ app_begin ] --END-- [ RunTime:0.001000s ]
SQL: SHOW COLUMNS FROM `zb_auth_permission` [ RunTime:0.0070s ]
SQL: SELECT COUNT(*) AS tp_count FROM `zb_auth_permission` WHERE ( status = 1 ) LIMIT 1   [ RunTime:0.0060s ]
SQL: SELECT `permission_id`,`permission_name`,`permission_code` FROM `zb_auth_permission` WHERE ( status = 1 ) ORDER BY permission_id desc LIMIT 0,4   [ RunTime:0.0020s ]

[ 2016-01-13T10:48:18+08:00 ] 127.0.0.1 /admin/system/getRolePermissionList?_dc=1452653297908
INFO: [ app_init ] --START--
INFO: Run Behavior\BuildLiteBehavior [ RunTime:0.000000s ]
INFO: [ app_init ] --END-- [ RunTime:0.001000s ]
INFO: [ app_begin ] --START--
INFO: Run Behavior\ReadHtmlCacheBehavior [ RunTime:0.000000s ]
INFO: [ app_begin ] --END-- [ RunTime:0.000000s ]
SQL: SHOW COLUMNS FROM `zb_user` [ RunTime:0.0100s ]
SQL: SHOW COLUMNS FROM `zb_auth_role_permission` [ RunTime:0.0050s ]
SQL: SHOW COLUMNS FROM `zb_auth_role_permission` [ RunTime:0.0070s ]
SQL: SELECT DISTINCT r.permission_id,n.permission_name,n.permission_code FROM zb_auth_role_permission as r INNER JOIN zb_auth_permission as n on n.permission_id = r.permission_id  WHERE r.role_id = '73'  [ RunTime:0.0140s ]

[ 2016-01-13T10:48:18+08:00 ] 127.0.0.1 /admin/system/getPermissionList?_dc=1452653297920
INFO: [ app_init ] --START--
INFO: Run Behavior\BuildLiteBehavior [ RunTime:0.000000s ]
INFO: [ app_init ] --END-- [ RunTime:0.001000s ]
INFO: [ app_begin ] --START--
INFO: Run Behavior\ReadHtmlCacheBehavior [ RunTime:0.001000s ]
INFO: [ app_begin ] --END-- [ RunTime:0.001000s ]
SQL: SHOW COLUMNS FROM `zb_auth_permission` [ RunTime:0.0070s ]
SQL: SELECT COUNT(*) AS tp_count FROM `zb_auth_permission` WHERE ( status = 1 ) LIMIT 1   [ RunTime:0.0040s ]
SQL: SELECT `permission_id`,`permission_name`,`permission_code` FROM `zb_auth_permission` WHERE ( status = 1 ) ORDER BY permission_id desc LIMIT 0,4   [ RunTime:0.0020s ]

[ 2016-01-13T10:50:35+08:00 ] 127.0.0.1 /admin
INFO: [ app_init ] --START--
INFO: Run Behavior\BuildLiteBehavior [ RunTime:0.000000s ]
INFO: [ app_init ] --END-- [ RunTime:0.001000s ]
INFO: [ app_begin ] --START--
INFO: Run Behavior\ReadHtmlCacheBehavior [ RunTime:0.000000s ]
INFO: [ app_begin ] --END-- [ RunTime:0.000000s ]
INFO: [ view_parse ] --START--
INFO: [ template_filter ] --START--
INFO: Run Behavior\ContentReplaceBehavior [ RunTime:0.000000s ]
INFO: [ template_filter ] --END-- [ RunTime:0.000000s ]
INFO: Run Behavior\ParseTemplateBehavior [ RunTime:0.008001s ]
INFO: [ view_parse ] --END-- [ RunTime:0.008001s ]
INFO: [ view_filter ] --START--
INFO: Run Behavior\WriteHtmlCacheBehavior [ RunTime:0.001000s ]
INFO: [ view_filter ] --END-- [ RunTime:0.001000s ]
INFO: [ app_end ] --START--
INFO: Run Behavior\ShowPageTraceBehavior [ RunTime:0.000000s ]
INFO: [ app_end ] --END-- [ RunTime:0.000000s ]

[ 2016-01-13T10:50:37+08:00 ] 127.0.0.1 /Admin/Access/getUserNodeList?_dc=1452653436617&page=1&start=0&limit=25
INFO: [ app_init ] --START--
INFO: Run Behavior\BuildLiteBehavior [ RunTime:0.000000s ]
INFO: [ app_init ] --END-- [ RunTime:0.000000s ]
INFO: [ app_begin ] --START--
INFO: Run Behavior\ReadHtmlCacheBehavior [ RunTime:0.001000s ]
INFO: [ app_begin ] --END-- [ RunTime:0.001000s ]
SQL: SHOW COLUMNS FROM `zb_user` [ RunTime:0.0570s ]
SQL: SHOW COLUMNS FROM `zb_auth_access` [ RunTime:0.0410s ]
SQL: SELECT `role_id` FROM `zb_auth_access` WHERE ( uid = 1 )  [ RunTime:0.0300s ]
SQL: SHOW COLUMNS FROM `zb_auth_role_node` [ RunTime:0.0460s ]
SQL: SHOW COLUMNS FROM `zb_auth_role_node` [ RunTime:0.0410s ]
SQL: SELECT DISTINCT r.node_id,n.name,n.pid,n.module,n.iconCls,n.group,n.url FROM zb_auth_role_node as r INNER JOIN zb_auth_node as n on n.id = r.node_id  WHERE r.role_id IN ('69') ORDER BY n.sort asc, n.id desc  [ RunTime:0.0350s ]

